Log core 7 - Current time: 2024-10-21 21:11:41
Defining model
  [Note] 'Dlatinit' is provided in 'constants' but not used in the model code and is being ignored.
Building model
Setting data and initial values
Running calculate on model
  [Note] Any error reports that follow may simply reflect missing values in model variables.
Checking model sizes and dimensions
Compiling
  [Note] This may take a minute.
  [Note] Use 'showCompilerOutput = TRUE' to see C++ compilation details.
===== Monitors =====
thin = 1: Bprob, Dmean, Dvar, Oprob, Rmean, Rvar, W
thin2 = 1: K
===== Samplers =====
RW sampler (80)
  - Dlat[]  (80 elements)
conjugate sampler (1985)
  - Rmean[]  (64 elements)
  - Rrate[]  (64 elements)
  - Dmean[]  (512 elements)
  - Drate[]  (512 elements)
  - Bprob[]  (192 elements)
  - Rvar[]  (64 elements)
  - Dvar[]  (512 elements)
  - Oprob[]  (64 multivariate elements)
  - W[1:64] 
categorical sampler (11)
  - Alpha
  - K[]  (10 elements)
===== Monitors =====
thin = 1: Bprob, Dmean, Dvar, Oprob, Rmean, Rvar, W
thin2 = 1: K
===== Samplers =====
slice sampler (11)
  - Alpha
  - K[]  (10 elements)
RW sampler (80)
  - Dlat[]  (80 elements)
conjugate sampler (1985)
  - Rmean[]  (64 elements)
  - Rrate[]  (64 elements)
  - Dmean[]  (512 elements)
  - Drate[]  (512 elements)
  - Bprob[]  (192 elements)
  - Rvar[]  (64 elements)
  - Dvar[]  (512 elements)
  - Oprob[]  (64 multivariate elements)
  - W[1:64] 
Compiling
  [Note] This may take a minute.
  [Note] Use 'showCompilerOutput = TRUE' to see C++ compilation details.

Setup time 2.6 mins 

Chain # 31 (chain 1 of 5 for this core)

Datapoints for testing convergence:
 #1 #2 #3 #4 #5 #6 #7 #8 #9 #10 

Iterations: 3600 
|-------------|-------------|-------------|-------------|
|-------------------------------------------------------|

Current time: 2024-10-21 21:15:03
MCMC time 47 secs 

USED COMPONENTS: 9 OF 64 

rel. MC standard error: 0.0168 to 0.0309
eff. sample size: 1050 to 3540
needed thinning: 2 to 6
Diagnostics time 17 secs 

Total number of iterations 3600 - required further 0 

Keeping last 60 samples with thinning 6 

Current time: 2024-10-21 21:15:48
MCMC + diagnostics time 1.5 mins 

Chain # 32 (chain 2 of 5 for this core)

Datapoints for testing convergence:
 #1 #2 #3 #4 #5 #6 #7 #8 #9 #10 

Iterations: 3600 
|-------------|-------------|-------------|-------------|
|-------------------------------------------------------|

Current time: 2024-10-21 21:16:35
MCMC time 2.3 mins 

USED COMPONENTS: 9 OF 64 

rel. MC standard error: 0.0171 to 0.0271
eff. sample size: 1360 to 3430
needed thinning: 2 to 4
Diagnostics time 19 secs 

Total number of iterations 3600 - required further 0 

Keeping last 60 samples with thinning 4 

Current time: 2024-10-21 21:17:08
MCMC + diagnostics time 2.9 mins 

Chain # 33 (chain 3 of 5 for this core)

Datapoints for testing convergence:
 #1 #2 #3 #4 #5 #6 #7 #8 #9 #10 

Iterations: 3600 
|-------------|-------------|-------------|-------------|
|-------------------------------------------------------|

Current time: 2024-10-21 21:17:49
MCMC time 3.5 mins 

USED COMPONENTS: 9 OF 64 

rel. MC standard error: 0.0171 to 0.0273
eff. sample size: 1340 to 3430
needed thinning: 2 to 5
Diagnostics time 16 secs 

Total number of iterations 3600 - required further 0 

Keeping last 60 samples with thinning 5 

Current time: 2024-10-21 21:18:15
MCMC + diagnostics time 4 mins 

Chain # 34 (chain 4 of 5 for this core)

Datapoints for testing convergence:
 #1 #2 #3 #4 #5 #6 #7 #8 #9 #10 

Iterations: 3600 
|-------------|-------------|-------------|-------------|
|-------------------------------------------------------|

Current time: 2024-10-21 21:18:52
MCMC time 4.6 mins 

USED COMPONENTS: 9 OF 64 

rel. MC standard error: 0.0169 to 0.0268
eff. sample size: 1390 to 3510
needed thinning: 2 to 4
Diagnostics time 13 secs 

Total number of iterations 3600 - required further 0 

Keeping last 60 samples with thinning 4 

Current time: 2024-10-21 21:19:43
MCMC + diagnostics time 5.4 mins 

Chain # 35 (chain 5 of 5 for this core)

Datapoints for testing convergence:
 #1 #2 #3 #4 #5 #6 #7 #8 #9 #10 

Iterations: 3600 
|-------------|-------------|-------------|-------------|
|-------------------------------------------------------|

Current time: 2024-10-21 21:20:24
MCMC time 6.1 mins 

USED COMPONENTS: 8 OF 64 

rel. MC standard error: 0.0181 to 0.0335
eff. sample size: 889 to 3060
needed thinning: 2 to 7
Diagnostics time 30 secs 

Total number of iterations 3600 - required further 0 

Keeping last 60 samples with thinning 7 

Current time: 2024-10-21 21:20:58
MCMC + diagnostics time 6.7 mins 

Current time: 2024-10-21 21:20:58
Total time 6.7 mins 
loaded inferno and set parent environment
loaded inferno and set parent environment
loaded inferno and set parent environment
loaded inferno and set parent environment
loaded inferno and set parent environment
loaded inferno and set parent environment
loaded inferno and set parent environment
loaded inferno and set parent environment
loaded inferno and set parent environment
loaded inferno and set parent environment
loaded inferno and set parent environment
loaded inferno and set parent environment
