Log core 3 - Current time: 2024-10-21 21:11:41
Defining model
  [Note] 'Dlatinit' is provided in 'constants' but not used in the model code and is being ignored.
Building model
Setting data and initial values
Running calculate on model
  [Note] Any error reports that follow may simply reflect missing values in model variables.
Checking model sizes and dimensions
Compiling
  [Note] This may take a minute.
  [Note] Use 'showCompilerOutput = TRUE' to see C++ compilation details.
===== Monitors =====
thin = 1: Bprob, Dmean, Dvar, Oprob, Rmean, Rvar, W
thin2 = 1: K
===== Samplers =====
RW sampler (80)
  - Dlat[]  (80 elements)
conjugate sampler (1985)
  - Rmean[]  (64 elements)
  - Rrate[]  (64 elements)
  - Dmean[]  (512 elements)
  - Drate[]  (512 elements)
  - Bprob[]  (192 elements)
  - Rvar[]  (64 elements)
  - Dvar[]  (512 elements)
  - Oprob[]  (64 multivariate elements)
  - W[1:64] 
categorical sampler (11)
  - Alpha
  - K[]  (10 elements)
===== Monitors =====
thin = 1: Bprob, Dmean, Dvar, Oprob, Rmean, Rvar, W
thin2 = 1: K
===== Samplers =====
slice sampler (11)
  - Alpha
  - K[]  (10 elements)
RW sampler (80)
  - Dlat[]  (80 elements)
conjugate sampler (1985)
  - Rmean[]  (64 elements)
  - Rrate[]  (64 elements)
  - Dmean[]  (512 elements)
  - Drate[]  (512 elements)
  - Bprob[]  (192 elements)
  - Rvar[]  (64 elements)
  - Dvar[]  (512 elements)
  - Oprob[]  (64 multivariate elements)
  - W[1:64] 
Compiling
  [Note] This may take a minute.
  [Note] Use 'showCompilerOutput = TRUE' to see C++ compilation details.

Setup time 2.6 mins 

Chain # 11 (chain 1 of 5 for this core)

Datapoints for testing convergence:
 #1 #2 #3 #4 #5 #6 #7 #8 #9 #10 

Iterations: 3600 
|-------------|-------------|-------------|-------------|
|-------------------------------------------------------|

Current time: 2024-10-21 21:15:04
MCMC time 44 secs 

USED COMPONENTS: 10 OF 64 

rel. MC standard error: 0.0167 to 0.0258
eff. sample size: 1500 to 3600
needed thinning: 2 to 4
Diagnostics time 15 secs 

Total number of iterations 3600 - required further 0 

Keeping last 60 samples with thinning 4 

Current time: 2024-10-21 21:15:54
MCMC + diagnostics time 1.6 mins 

Chain # 12 (chain 2 of 5 for this core)

Datapoints for testing convergence:
 #1 #2 #3 #4 #5 #6 #7 #8 #9 #10 

Iterations: 3600 
|-------------|-------------|-------------|-------------|
|-------------------------------------------------------|

Current time: 2024-10-21 21:16:44
MCMC time 2.4 mins 

USED COMPONENTS: 9 OF 64 

rel. MC standard error: 0.0167 to 0.0325
eff. sample size: 945 to 3580
needed thinning: 2 to 6
Diagnostics time 13 secs 

Total number of iterations 3600 - required further 0 

Keeping last 60 samples with thinning 6 

Current time: 2024-10-21 21:17:17
MCMC + diagnostics time 3 mins 

Chain # 13 (chain 3 of 5 for this core)

Datapoints for testing convergence:
 #1 #2 #3 #4 #5 #6 #7 #8 #9 #10 

Iterations: 3600 
|-------------|-------------|-------------|-------------|
|-------------------------------------------------------|

Current time: 2024-10-21 21:17:57
MCMC time 3.6 mins 

USED COMPONENTS: 10 OF 64 

rel. MC standard error: 0.0171 to 0.0263
eff. sample size: 1450 to 3400
needed thinning: 2 to 4
Diagnostics time 11 secs 

Total number of iterations 3600 - required further 0 

Keeping last 60 samples with thinning 4 

Current time: 2024-10-21 21:18:14
MCMC + diagnostics time 3.9 mins 

Chain # 14 (chain 4 of 5 for this core)

Datapoints for testing convergence:
 #1 #2 #3 #4 #5 #6 #7 #8 #9 #10 

Iterations: 3600 
|-------------|-------------|-------------|-------------|
|-------------------------------------------------------|

Current time: 2024-10-21 21:19:00
MCMC time 4.7 mins 

USED COMPONENTS: 9 OF 64 

rel. MC standard error: 0.0176 to 0.0338
eff. sample size: 873 to 3220
needed thinning: 2 to 7
Diagnostics time 15 secs 

Total number of iterations 3600 - required further 0 

Keeping last 60 samples with thinning 7 

Current time: 2024-10-21 21:20:00
MCMC + diagnostics time 5.7 mins 

Chain # 15 (chain 5 of 5 for this core)

Datapoints for testing convergence:
 #1 #2 #3 #4 #5 #6 #7 #8 #9 #10 

Iterations: 3600 
|-------------|-------------|-------------|-------------|
|-------------------------------------------------------|

Current time: 2024-10-21 21:20:38
MCMC time 6.3 mins 

USED COMPONENTS: 8 OF 64 

rel. MC standard error: 0.0191 to 0.0245
eff. sample size: 1670 to 2730
needed thinning: 2 to 4
Diagnostics time 14 secs 

Total number of iterations 3600 - required further 0 

Keeping last 60 samples with thinning 4 

Current time: 2024-10-21 21:20:58
MCMC + diagnostics time 6.6 mins 

Current time: 2024-10-21 21:20:58
Total time 6.6 mins 
loaded inferno and set parent environment
loaded inferno and set parent environment
loaded inferno and set parent environment
loaded inferno and set parent environment
loaded inferno and set parent environment
loaded inferno and set parent environment
loaded inferno and set parent environment
loaded inferno and set parent environment
loaded inferno and set parent environment
loaded inferno and set parent environment
loaded inferno and set parent environment
loaded inferno and set parent environment
