Log core 4 - Current time: 2024-10-21 21:11:41
Defining model
  [Note] 'Dlatinit' is provided in 'constants' but not used in the model code and is being ignored.
Building model
Setting data and initial values
Running calculate on model
  [Note] Any error reports that follow may simply reflect missing values in model variables.
Checking model sizes and dimensions
Compiling
  [Note] This may take a minute.
  [Note] Use 'showCompilerOutput = TRUE' to see C++ compilation details.
===== Monitors =====
thin = 1: Bprob, Dmean, Dvar, Oprob, Rmean, Rvar, W
thin2 = 1: K
===== Samplers =====
RW sampler (80)
  - Dlat[]  (80 elements)
conjugate sampler (1985)
  - Rmean[]  (64 elements)
  - Rrate[]  (64 elements)
  - Dmean[]  (512 elements)
  - Drate[]  (512 elements)
  - Bprob[]  (192 elements)
  - Rvar[]  (64 elements)
  - Dvar[]  (512 elements)
  - Oprob[]  (64 multivariate elements)
  - W[1:64] 
categorical sampler (11)
  - Alpha
  - K[]  (10 elements)
===== Monitors =====
thin = 1: Bprob, Dmean, Dvar, Oprob, Rmean, Rvar, W
thin2 = 1: K
===== Samplers =====
slice sampler (11)
  - Alpha
  - K[]  (10 elements)
RW sampler (80)
  - Dlat[]  (80 elements)
conjugate sampler (1985)
  - Rmean[]  (64 elements)
  - Rrate[]  (64 elements)
  - Dmean[]  (512 elements)
  - Drate[]  (512 elements)
  - Bprob[]  (192 elements)
  - Rvar[]  (64 elements)
  - Dvar[]  (512 elements)
  - Oprob[]  (64 multivariate elements)
  - W[1:64] 
Compiling
  [Note] This may take a minute.
  [Note] Use 'showCompilerOutput = TRUE' to see C++ compilation details.

Setup time 2.6 mins 

Chain # 16 (chain 1 of 5 for this core)

Datapoints for testing convergence:
 #1 #2 #3 #4 #5 #6 #7 #8 #9 #10 

Iterations: 3600 
|-------------|-------------|-------------|-------------|
|-------------------------------------------------------|

Current time: 2024-10-21 21:15:04
MCMC time 45 secs 

USED COMPONENTS: 9 OF 64 

rel. MC standard error: 0.0182 to 0.0268
eff. sample size: 1390 to 3030
needed thinning: 2 to 4
Diagnostics time 14 secs 

Total number of iterations 3600 - required further 0 

Keeping last 60 samples with thinning 4 

Current time: 2024-10-21 21:15:44
MCMC + diagnostics time 1.4 mins 

Chain # 17 (chain 2 of 5 for this core)

Datapoints for testing convergence:
 #1 #2 #3 #4 #5 #6 #7 #8 #9 #10 

Iterations: 3600 
|-------------|-------------|-------------|-------------|
|-------------------------------------------------------|

Current time: 2024-10-21 21:16:24
MCMC time 2.1 mins 

USED COMPONENTS: 9 OF 64 

rel. MC standard error: 0.0168 to 0.028
eff. sample size: 1270 to 3540
needed thinning: 2 to 5
Diagnostics time 18 secs 

Total number of iterations 3600 - required further 0 

Keeping last 60 samples with thinning 5 

Current time: 2024-10-21 21:16:51
MCMC + diagnostics time 2.5 mins 

Chain # 18 (chain 3 of 5 for this core)

Datapoints for testing convergence:
 #1 #2 #3 #4 #5 #6 #7 #8 #9 #10 

Iterations: 3600 
|-------------|-------------|-------------|-------------|
|-------------------------------------------------------|

Current time: 2024-10-21 21:17:33
MCMC time 3.2 mins 

USED COMPONENTS: 9 OF 64 

rel. MC standard error: 0.0182 to 0.0278
eff. sample size: 1290 to 3030
needed thinning: 2 to 5
Diagnostics time 27 secs 

Total number of iterations 3600 - required further 0 

Keeping last 60 samples with thinning 5 

Current time: 2024-10-21 21:18:11
MCMC + diagnostics time 3.9 mins 

Chain # 19 (chain 4 of 5 for this core)

Datapoints for testing convergence:
 #1 #2 #3 #4 #5 #6 #7 #8 #9 #10 

Iterations: 3600 
|-------------|-------------|-------------|-------------|
|-------------------------------------------------------|

Current time: 2024-10-21 21:18:50
MCMC time 4.5 mins 

USED COMPONENTS: 8 OF 64 

rel. MC standard error: 0.0202 to 0.0279
eff. sample size: 1280 to 2440
needed thinning: 3 to 5
Diagnostics time 12 secs 

Total number of iterations 3600 - required further 0 

Keeping last 60 samples with thinning 5 

Current time: 2024-10-21 21:19:50
MCMC + diagnostics time 5.5 mins 

Chain # 20 (chain 5 of 5 for this core)

Datapoints for testing convergence:
 #1 #2 #3 #4 #5 #6 #7 #8 #9 #10 

Iterations: 3600 
|-------------|-------------|-------------|-------------|
|-------------------------------------------------------|

Current time: 2024-10-21 21:20:29
MCMC time 6.2 mins 

USED COMPONENTS: 7 OF 64 

rel. MC standard error: 0.0171 to 0.0259
eff. sample size: 1490 to 3440
needed thinning: 2 to 4
Diagnostics time 25 secs 

Total number of iterations 3600 - required further 0 

Keeping last 60 samples with thinning 4 

Current time: 2024-10-21 21:21:01
MCMC + diagnostics time 6.7 mins 

Current time: 2024-10-21 21:21:01
Total time 6.7 mins 
loaded inferno and set parent environment
loaded inferno and set parent environment
loaded inferno and set parent environment
loaded inferno and set parent environment
loaded inferno and set parent environment
loaded inferno and set parent environment
loaded inferno and set parent environment
loaded inferno and set parent environment
loaded inferno and set parent environment
loaded inferno and set parent environment
loaded inferno and set parent environment
loaded inferno and set parent environment
