Log core 6 - Current time: 2024-10-23 21:29:44
Defining model
  [Note] 'Dlatinit' is provided in 'constants' but not used in the model code and is being ignored.
Building model
Setting data and initial values
Running calculate on model
  [Note] Any error reports that follow may simply reflect missing values in model variables.
Checking model sizes and dimensions
Compiling
  [Note] This may take a minute.
  [Note] Use 'showCompilerOutput = TRUE' to see C++ compilation details.
===== Monitors =====
thin = 1: Bprob, Dmean, Dvar, W
thin2 = 1: K
===== Samplers =====
RW sampler (90)
  - Dlat[]  (90 elements)
conjugate sampler (833)
  - Dmean[]  (192 elements)
  - Drate[]  (192 elements)
  - Bprob[]  (256 elements)
  - Dvar[]  (192 elements)
  - W[1:64] 
categorical sampler (31)
  - Alpha
  - K[]  (30 elements)
===== Monitors =====
thin = 1: Bprob, Dmean, Dvar, W
thin2 = 1: K
===== Samplers =====
slice sampler (31)
  - Alpha
  - K[]  (30 elements)
RW sampler (90)
  - Dlat[]  (90 elements)
conjugate sampler (833)
  - Dmean[]  (192 elements)
  - Drate[]  (192 elements)
  - Bprob[]  (256 elements)
  - Dvar[]  (192 elements)
  - W[1:64] 
Compiling
  [Note] This may take a minute.
  [Note] Use 'showCompilerOutput = TRUE' to see C++ compilation details.

Setup time 1.7 mins 

Chain # 26 (chain 1 of 5 for this core)

Datapoints for testing convergence:
 #1 #2 #3 #7 #23 #24 #25 #28 

Iterations: 3600 
|-------------|-------------|-------------|-------------|
|-------------------------------------------------------|

Current time: 2024-10-23 21:31:56
MCMC time 28 secs 

USED COMPONENTS: 13 OF 64 

rel. MC standard error: 0.0267 to 0.0547
eff. sample size: 335 to 1410
needed thinning: 4 to 17
Diagnostics time 4.8 secs 

Total number of iterations 3600 - required further 132 

Chain # 26 - chunk 2 (chain 1 of 5 for this core): increasing by 133 

Iterations: 133 
|-------------|-------------|-------------|-------------|
|-------------------------------------------------------|

Current time: 2024-10-23 21:32:07
MCMC time 39 secs 

USED COMPONENTS: 12 OF 64 

rel. MC standard error: 0.0263 to 0.0548
eff. sample size: 333 to 1450
needed thinning: 4 to 17
Diagnostics time 0.15 secs 

Total number of iterations 3733 - required further 132 

Chain # 26 - chunk 3 (chain 1 of 5 for this core): increasing by 133 

Iterations: 133 
|-------------|-------------|-------------|-------------|
|-------------------------------------------------------|

Current time: 2024-10-23 21:32:09
MCMC time 41 secs 

USED COMPONENTS: 12 OF 64 

rel. MC standard error: 0.0259 to 0.0528
eff. sample size: 359 to 1500
needed thinning: 4 to 17
Diagnostics time 0.14 secs 

Total number of iterations 3866 - required further 132 

Chain # 26 - chunk 4 (chain 1 of 5 for this core): increasing by 133 

Iterations: 133 
|-------------|-------------|-------------|-------------|
|-------------------------------------------------------|

Current time: 2024-10-23 21:32:10
MCMC time 42 secs 

USED COMPONENTS: 12 OF 64 

rel. MC standard error: 0.0245 to 0.0521
eff. sample size: 369 to 1670
needed thinning: 4 to 17
Diagnostics time 0.73 secs 

Total number of iterations 3999 - required further 132 

Chain # 26 - chunk 5 (chain 1 of 5 for this core): increasing by 133 

Iterations: 133 
|-------------|-------------|-------------|-------------|
|-------------------------------------------------------|

Current time: 2024-10-23 21:32:12
MCMC time 44 secs 

USED COMPONENTS: 12 OF 64 

rel. MC standard error: 0.0248 to 0.0485
eff. sample size: 425 to 1630
needed thinning: 4 to 15
Diagnostics time 0.15 secs 

Total number of iterations 4132 - required further 0 

Keeping last 60 samples with thinning 15 

Current time: 2024-10-23 21:32:12
MCMC + diagnostics time 44 secs 

Chain # 27 (chain 2 of 5 for this core)

Datapoints for testing convergence:
 #2 #7 #10 #11 #16 #18 #20 #30 

Iterations: 3600 
|-------------|-------------|-------------|-------------|
|-------------------------------------------------------|

Current time: 2024-10-23 21:32:39
MCMC time 1.2 mins 

USED COMPONENTS: 17 OF 64 

rel. MC standard error: 0.0175 to 0.046
eff. sample size: 473 to 3270
needed thinning: 2 to 12
Diagnostics time 3.7 secs 

Total number of iterations 3600 - required further 0 

Keeping last 60 samples with thinning 12 

Current time: 2024-10-23 21:32:44
MCMC + diagnostics time 1.3 mins 

Chain # 28 (chain 3 of 5 for this core)

Datapoints for testing convergence:
 #2 #11 #15 #17 #21 #22 #24 #30 

Iterations: 3600 
|-------------|-------------|-------------|-------------|
|-------------------------------------------------------|

Current time: 2024-10-23 21:33:11
MCMC time 1.7 mins 

USED COMPONENTS: 15 OF 64 

rel. MC standard error: 0.0229 to 0.0322
eff. sample size: 963 to 1910
needed thinning: 3 to 6
Diagnostics time 4 secs 

Total number of iterations 3600 - required further 0 

Keeping last 60 samples with thinning 6 

Current time: 2024-10-23 21:33:17
MCMC + diagnostics time 1.8 mins 

Chain # 29 (chain 4 of 5 for this core)

Datapoints for testing convergence:
 #8 #11 #19 #22 #23 #25 #26 #29 

Iterations: 3600 
|-------------|-------------|-------------|-------------|
|-------------------------------------------------------|

Current time: 2024-10-23 21:33:45
MCMC time 2.3 mins 

USED COMPONENTS: 15 OF 64 

rel. MC standard error: 0.0188 to 0.0622
eff. sample size: 259 to 2840
needed thinning: 2 to 21
Diagnostics time 3.7 secs 

Total number of iterations 3600 - required further 163 

Chain # 29 - chunk 2 (chain 4 of 5 for this core): increasing by 164 

Iterations: 164 
|-------------|-------------|-------------|-------------|
|-------------------------------------------------------|

Current time: 2024-10-23 21:33:51
MCMC time 2.4 mins 

USED COMPONENTS: 13 OF 64 

rel. MC standard error: 0.0209 to 0.0619
eff. sample size: 261 to 2300
needed thinning: 3 to 22
Diagnostics time 0.22 secs 

Total number of iterations 3764 - required further 171 

Chain # 29 - chunk 3 (chain 4 of 5 for this core): increasing by 172 

Iterations: 172 
|-------------|-------------|-------------|-------------|
|-------------------------------------------------------|

Current time: 2024-10-23 21:33:53
MCMC time 2.4 mins 

USED COMPONENTS: 13 OF 64 

rel. MC standard error: 0.0208 to 0.0612
eff. sample size: 267 to 2310
needed thinning: 3 to 23
Diagnostics time 0.33 secs 

Total number of iterations 3936 - required further 179 

Chain # 29 - chunk 4 (chain 4 of 5 for this core): increasing by 180 

Iterations: 180 
|-------------|-------------|-------------|-------------|
|-------------------------------------------------------|

Current time: 2024-10-23 21:33:55
MCMC time 2.4 mins 

USED COMPONENTS: 13 OF 64 

rel. MC standard error: 0.0191 to 0.0592
eff. sample size: 286 to 2740
needed thinning: 3 to 22
Diagnostics time 0.19 secs 

Total number of iterations 4116 - required further 171 

Chain # 29 - chunk 5 (chain 4 of 5 for this core): increasing by 172 

Iterations: 172 
|-------------|-------------|-------------|-------------|
|-------------------------------------------------------|

Current time: 2024-10-23 21:33:57
MCMC time 2.5 mins 

USED COMPONENTS: 13 OF 64 

rel. MC standard error: 0.0187 to 0.0585
eff. sample size: 292 to 2870
needed thinning: 3 to 22
Diagnostics time 0.17 secs 

Total number of iterations 4288 - required further 171 

Chain # 29 - chunk 6 (chain 4 of 5 for this core): increasing by 172 

Iterations: 172 
|-------------|-------------|-------------|-------------|
|-------------------------------------------------------|

Current time: 2024-10-23 21:33:58
MCMC time 2.5 mins 

USED COMPONENTS: 13 OF 64 

rel. MC standard error: 0.0204 to 0.0517
eff. sample size: 374 to 2410
needed thinning: 3 to 18
Diagnostics time 0.18 secs 

Total number of iterations 4460 - required further 140 

Chain # 29 - chunk 7 (chain 4 of 5 for this core): increasing by 141 

Iterations: 141 
|-------------|-------------|-------------|-------------|
|-------------------------------------------------------|

Current time: 2024-10-23 21:33:59
MCMC time 2.5 mins 

USED COMPONENTS: 13 OF 64 

rel. MC standard error: 0.0199 to 0.0503
eff. sample size: 396 to 2530
needed thinning: 3 to 18
Diagnostics time 0.15 secs 

Total number of iterations 4601 - required further 140 

Chain # 29 - chunk 8 (chain 4 of 5 for this core): increasing by 141 

Iterations: 141 
|-------------|-------------|-------------|-------------|
|-------------------------------------------------------|

Current time: 2024-10-23 21:34:01
MCMC time 2.5 mins 

USED COMPONENTS: 15 OF 64 

rel. MC standard error: 0.0174 to 0.0493
eff. sample size: 411 to 3310
needed thinning: 3 to 18
Diagnostics time 0.17 secs 

Total number of iterations 4742 - required further 0 

Keeping last 60 samples with thinning 18 

Current time: 2024-10-23 21:34:01
MCMC + diagnostics time 2.6 mins 

Chain # 30 (chain 5 of 5 for this core)

Datapoints for testing convergence:
 #1 #8 #12 #19 #25 #27 #28 #30 

Iterations: 3600 
|-------------|-------------|-------------|-------------|
|-------------------------------------------------------|

Current time: 2024-10-23 21:34:28
MCMC time 3 mins 

USED COMPONENTS: 17 OF 64 

rel. MC standard error: 0.0269 to 0.0449
eff. sample size: 496 to 1380
needed thinning: 4 to 11
Diagnostics time 3.6 secs 

Total number of iterations 3600 - required further 0 

Keeping last 60 samples with thinning 11 

Current time: 2024-10-23 21:34:34
MCMC + diagnostics time 3.1 mins 

Current time: 2024-10-23 21:34:34
Total time 3.1 mins 
loaded inferno and set parent environment
loaded inferno and set parent environment
loaded inferno and set parent environment
loaded inferno and set parent environment
loaded inferno and set parent environment
loaded inferno and set parent environment
