Log core 5 - Current time: 2024-10-23 21:29:44
Defining model
  [Note] 'Dlatinit' is provided in 'constants' but not used in the model code and is being ignored.
Building model
Setting data and initial values
Running calculate on model
  [Note] Any error reports that follow may simply reflect missing values in model variables.
Checking model sizes and dimensions
Compiling
  [Note] This may take a minute.
  [Note] Use 'showCompilerOutput = TRUE' to see C++ compilation details.
===== Monitors =====
thin = 1: Bprob, Dmean, Dvar, W
thin2 = 1: K
===== Samplers =====
RW sampler (90)
  - Dlat[]  (90 elements)
conjugate sampler (833)
  - Dmean[]  (192 elements)
  - Drate[]  (192 elements)
  - Bprob[]  (256 elements)
  - Dvar[]  (192 elements)
  - W[1:64] 
categorical sampler (31)
  - Alpha
  - K[]  (30 elements)
===== Monitors =====
thin = 1: Bprob, Dmean, Dvar, W
thin2 = 1: K
===== Samplers =====
slice sampler (31)
  - Alpha
  - K[]  (30 elements)
RW sampler (90)
  - Dlat[]  (90 elements)
conjugate sampler (833)
  - Dmean[]  (192 elements)
  - Drate[]  (192 elements)
  - Bprob[]  (256 elements)
  - Dvar[]  (192 elements)
  - W[1:64] 
Compiling
  [Note] This may take a minute.
  [Note] Use 'showCompilerOutput = TRUE' to see C++ compilation details.

Setup time 1.7 mins 

Chain # 21 (chain 1 of 5 for this core)

Datapoints for testing convergence:
 #6 #8 #9 #10 #20 #22 #24 #27 

Iterations: 3600 
|-------------|-------------|-------------|-------------|
|-------------------------------------------------------|

Current time: 2024-10-23 21:31:53
MCMC time 28 secs 

USED COMPONENTS: 16 OF 64 

rel. MC standard error: 0.0186 to 0.0415
eff. sample size: 580 to 2880
needed thinning: 2 to 10
Diagnostics time 5.8 secs 

Total number of iterations 3600 - required further 0 

Keeping last 60 samples with thinning 10 

Current time: 2024-10-23 21:32:05
MCMC + diagnostics time 39 secs 

Chain # 22 (chain 2 of 5 for this core)

Datapoints for testing convergence:
 #4 #6 #7 #9 #16 #18 #19 #20 

Iterations: 3600 
|-------------|-------------|-------------|-------------|
|-------------------------------------------------------|

Current time: 2024-10-23 21:32:32
MCMC time 1.1 mins 

USED COMPONENTS: 17 OF 64 

rel. MC standard error: 0.0215 to 0.0561
eff. sample size: 318 to 2160
needed thinning: 3 to 17
Diagnostics time 3.7 secs 

Total number of iterations 3600 - required further 132 

Chain # 22 - chunk 2 (chain 2 of 5 for this core): increasing by 133 

Iterations: 133 
|-------------|-------------|-------------|-------------|
|-------------------------------------------------------|

Current time: 2024-10-23 21:32:40
MCMC time 1.2 mins 

USED COMPONENTS: 16 OF 64 

rel. MC standard error: 0.022 to 0.0553
eff. sample size: 327 to 2070
needed thinning: 3 to 18
Diagnostics time 0.15 secs 

Total number of iterations 3733 - required further 140 

Chain # 22 - chunk 3 (chain 2 of 5 for this core): increasing by 141 

Iterations: 141 
|-------------|-------------|-------------|-------------|
|-------------------------------------------------------|

Current time: 2024-10-23 21:32:41
MCMC time 1.3 mins 

USED COMPONENTS: 14 OF 64 

rel. MC standard error: 0.0231 to 0.0544
eff. sample size: 338 to 1870
needed thinning: 4 to 18
Diagnostics time 0.16 secs 

Total number of iterations 3874 - required further 140 

Chain # 22 - chunk 4 (chain 2 of 5 for this core): increasing by 141 

Iterations: 141 
|-------------|-------------|-------------|-------------|
|-------------------------------------------------------|

Current time: 2024-10-23 21:32:42
MCMC time 1.3 mins 

USED COMPONENTS: 14 OF 64 

rel. MC standard error: 0.0203 to 0.0557
eff. sample size: 322 to 2410
needed thinning: 3 to 19
Diagnostics time 0.16 secs 

Total number of iterations 4015 - required further 148 

Chain # 22 - chunk 5 (chain 2 of 5 for this core): increasing by 149 

Iterations: 149 
|-------------|-------------|-------------|-------------|
|-------------------------------------------------------|

Current time: 2024-10-23 21:32:44
MCMC time 1.3 mins 

USED COMPONENTS: 13 OF 64 

rel. MC standard error: 0.0212 to 0.0552
eff. sample size: 328 to 2220
needed thinning: 3 to 20
Diagnostics time 0.17 secs 

Total number of iterations 4164 - required further 155 

Chain # 22 - chunk 6 (chain 2 of 5 for this core): increasing by 156 

Iterations: 156 
|-------------|-------------|-------------|-------------|
|-------------------------------------------------------|

Current time: 2024-10-23 21:32:45
MCMC time 1.3 mins 

USED COMPONENTS: 14 OF 64 

rel. MC standard error: 0.0228 to 0.0545
eff. sample size: 337 to 1920
needed thinning: 4 to 20
Diagnostics time 0.16 secs 

Total number of iterations 4320 - required further 155 

Chain # 22 - chunk 7 (chain 2 of 5 for this core): increasing by 156 

Iterations: 156 
|-------------|-------------|-------------|-------------|
|-------------------------------------------------------|

Current time: 2024-10-23 21:32:47
MCMC time 1.3 mins 

USED COMPONENTS: 14 OF 64 

rel. MC standard error: 0.0199 to 0.053
eff. sample size: 355 to 2510
needed thinning: 3 to 19
Diagnostics time 0.17 secs 

Total number of iterations 4476 - required further 148 

Chain # 22 - chunk 8 (chain 2 of 5 for this core): increasing by 149 

Iterations: 149 
|-------------|-------------|-------------|-------------|
|-------------------------------------------------------|

Current time: 2024-10-23 21:32:48
MCMC time 1.4 mins 

USED COMPONENTS: 15 OF 64 

rel. MC standard error: 0.0215 to 0.0523
eff. sample size: 366 to 2160
needed thinning: 4 to 19
Diagnostics time 0.25 secs 

Total number of iterations 4625 - required further 148 

Chain # 22 - chunk 9 (chain 2 of 5 for this core): increasing by 149 

Iterations: 149 
|-------------|-------------|-------------|-------------|
|-------------------------------------------------------|

Current time: 2024-10-23 21:32:50
MCMC time 1.4 mins 

USED COMPONENTS: 14 OF 64 

rel. MC standard error: 0.0192 to 0.0522
eff. sample size: 367 to 2720
needed thinning: 3 to 20
Diagnostics time 0.16 secs 

Total number of iterations 4774 - required further 155 

Chain # 22 - chunk 10 (chain 2 of 5 for this core): increasing by 156 

Iterations: 156 
|-------------|-------------|-------------|-------------|
|-------------------------------------------------------|

Current time: 2024-10-23 21:32:51
MCMC time 1.4 mins 

USED COMPONENTS: 14 OF 64 

rel. MC standard error: 0.0199 to 0.052
eff. sample size: 369 to 2520
needed thinning: 3 to 21
Diagnostics time 0.17 secs 

Total number of iterations 4930 - required further 163 

Chain # 22 - chunk 11 (chain 2 of 5 for this core): increasing by 164 

Iterations: 164 
|-------------|-------------|-------------|-------------|
|-------------------------------------------------------|

Current time: 2024-10-23 21:32:53
MCMC time 1.4 mins 

USED COMPONENTS: 15 OF 64 

rel. MC standard error: 0.0194 to 0.0532
eff. sample size: 354 to 2650
needed thinning: 3 to 22
Diagnostics time 0.18 secs 

Total number of iterations 5094 - required further 171 

Chain # 22 - chunk 12 (chain 2 of 5 for this core): increasing by 172 

Iterations: 172 
|-------------|-------------|-------------|-------------|
|-------------------------------------------------------|

Current time: 2024-10-23 21:32:54
MCMC time 1.5 mins 

USED COMPONENTS: 15 OF 64 

rel. MC standard error: 0.0192 to 0.0519
eff. sample size: 371 to 2720
needed thinning: 3 to 22
Diagnostics time 0.22 secs 

Total number of iterations 5266 - required further 171 

Chain # 22 - chunk 13 (chain 2 of 5 for this core): increasing by 172 

Iterations: 172 
|-------------|-------------|-------------|-------------|
|-------------------------------------------------------|

Current time: 2024-10-23 21:32:56
MCMC time 1.5 mins 

USED COMPONENTS: 14 OF 64 

rel. MC standard error: 0.0193 to 0.051
eff. sample size: 384 to 2680
needed thinning: 4 to 22
Diagnostics time 0.23 secs 

Total number of iterations 5438 - required further 171 

Chain # 22 - chunk 14 (chain 2 of 5 for this core): increasing by 172 

Iterations: 172 
|-------------|-------------|-------------|-------------|
|-------------------------------------------------------|

Current time: 2024-10-23 21:32:57
MCMC time 1.5 mins 

USED COMPONENTS: 14 OF 64 

rel. MC standard error: 0.0205 to 0.0503
eff. sample size: 395 to 2390
needed thinning: 4 to 22
Diagnostics time 0.2 secs 

Total number of iterations 5610 - required further 171 

Chain # 22 - chunk 15 (chain 2 of 5 for this core): increasing by 172 

Iterations: 172 
|-------------|-------------|-------------|-------------|
|-------------------------------------------------------|

Current time: 2024-10-23 21:32:59
MCMC time 1.6 mins 

USED COMPONENTS: 13 OF 64 

rel. MC standard error: 0.019 to 0.0506
eff. sample size: 391 to 2780
needed thinning: 4 to 23
Diagnostics time 0.18 secs 

Total number of iterations 5782 - required further 179 

Chain # 22 - chunk 16 (chain 2 of 5 for this core): increasing by 180 

Iterations: 180 
|-------------|-------------|-------------|-------------|
|-------------------------------------------------------|

Current time: 2024-10-23 21:33:01
MCMC time 1.6 mins 

USED COMPONENTS: 14 OF 64 

rel. MC standard error: 0.0194 to 0.0501
eff. sample size: 398 to 2650
needed thinning: 4 to 23
Diagnostics time 0.23 secs 

Total number of iterations 5962 - required further 179 

Chain # 22 - chunk 17 (chain 2 of 5 for this core): increasing by 180 

Iterations: 180 
|-------------|-------------|-------------|-------------|
|-------------------------------------------------------|

Current time: 2024-10-23 21:33:02
MCMC time 1.6 mins 

USED COMPONENTS: 14 OF 64 

rel. MC standard error: 0.019 to 0.0496
eff. sample size: 406 to 2770
needed thinning: 4 to 23
Diagnostics time 0.2 secs 

Total number of iterations 6142 - required further 0 

Keeping last 60 samples with thinning 23 

Current time: 2024-10-23 21:33:03
MCMC + diagnostics time 1.6 mins 

Chain # 23 (chain 3 of 5 for this core)

Datapoints for testing convergence:
 #8 #23 #25 #26 #27 #28 #29 #30 

Iterations: 3600 
|-------------|-------------|-------------|-------------|
|-------------------------------------------------------|

Current time: 2024-10-23 21:33:32
MCMC time 2.1 mins 

USED COMPONENTS: 14 OF 64 

rel. MC standard error: 0.0213 to 0.033
eff. sample size: 921 to 2210
needed thinning: 3 to 6
Diagnostics time 5 secs 

Total number of iterations 3600 - required further 0 

Keeping last 60 samples with thinning 6 

Current time: 2024-10-23 21:33:39
MCMC + diagnostics time 2.2 mins 

Chain # 24 (chain 4 of 5 for this core)

Datapoints for testing convergence:
 #1 #3 #5 #8 #14 #23 #28 #29 

Iterations: 3600 
|-------------|-------------|-------------|-------------|
|-------------------------------------------------------|

Current time: 2024-10-23 21:34:07
MCMC time 2.7 mins 

USED COMPONENTS: 13 OF 64 

rel. MC standard error: 0.021 to 0.0493
eff. sample size: 411 to 2270
needed thinning: 3 to 14
Diagnostics time 4.1 secs 

Total number of iterations 3600 - required further 0 

Keeping last 60 samples with thinning 14 

Current time: 2024-10-23 21:34:13
MCMC + diagnostics time 2.8 mins 

Chain # 25 (chain 5 of 5 for this core)

Datapoints for testing convergence:
 #3 #4 #6 #13 #21 #26 #29 #30 

Iterations: 3600 
|-------------|-------------|-------------|-------------|
|-------------------------------------------------------|

Current time: 2024-10-23 21:34:39
MCMC time 3.2 mins 

USED COMPONENTS: 15 OF 64 

rel. MC standard error: 0.0244 to 0.049
eff. sample size: 417 to 1680
needed thinning: 4 to 13
Diagnostics time 3 secs 

Total number of iterations 3600 - required further 0 

Keeping last 60 samples with thinning 13 

Current time: 2024-10-23 21:34:43
MCMC + diagnostics time 3.3 mins 

Current time: 2024-10-23 21:34:43
Total time 3.3 mins 
loaded inferno and set parent environment
loaded inferno and set parent environment
loaded inferno and set parent environment
loaded inferno and set parent environment
loaded inferno and set parent environment
loaded inferno and set parent environment
