Log core 7 - Current time: 2024-10-23 21:29:44
Defining model
  [Note] 'Dlatinit' is provided in 'constants' but not used in the model code and is being ignored.
Building model
Setting data and initial values
Running calculate on model
  [Note] Any error reports that follow may simply reflect missing values in model variables.
Checking model sizes and dimensions
Compiling
  [Note] This may take a minute.
  [Note] Use 'showCompilerOutput = TRUE' to see C++ compilation details.
===== Monitors =====
thin = 1: Bprob, Dmean, Dvar, W
thin2 = 1: K
===== Samplers =====
RW sampler (90)
  - Dlat[]  (90 elements)
conjugate sampler (833)
  - Dmean[]  (192 elements)
  - Drate[]  (192 elements)
  - Bprob[]  (256 elements)
  - Dvar[]  (192 elements)
  - W[1:64] 
categorical sampler (31)
  - Alpha
  - K[]  (30 elements)
===== Monitors =====
thin = 1: Bprob, Dmean, Dvar, W
thin2 = 1: K
===== Samplers =====
slice sampler (31)
  - Alpha
  - K[]  (30 elements)
RW sampler (90)
  - Dlat[]  (90 elements)
conjugate sampler (833)
  - Dmean[]  (192 elements)
  - Drate[]  (192 elements)
  - Bprob[]  (256 elements)
  - Dvar[]  (192 elements)
  - W[1:64] 
Compiling
  [Note] This may take a minute.
  [Note] Use 'showCompilerOutput = TRUE' to see C++ compilation details.

Setup time 1.7 mins 

Chain # 31 (chain 1 of 5 for this core)

Datapoints for testing convergence:
 #4 #7 #8 #12 #13 #24 #25 #30 

Iterations: 3600 
|-------------|-------------|-------------|-------------|
|-------------------------------------------------------|

Current time: 2024-10-23 21:31:54
MCMC time 27 secs 

USED COMPONENTS: 15 OF 64 

rel. MC standard error: 0.0233 to 0.058
eff. sample size: 297 to 1840
needed thinning: 3 to 19
Diagnostics time 5.1 secs 

Total number of iterations 3600 - required further 148 

Chain # 31 - chunk 2 (chain 1 of 5 for this core): increasing by 149 

Iterations: 149 
|-------------|-------------|-------------|-------------|
|-------------------------------------------------------|

Current time: 2024-10-23 21:32:06
MCMC time 39 secs 

USED COMPONENTS: 14 OF 64 

rel. MC standard error: 0.0226 to 0.0585
eff. sample size: 292 to 1950
needed thinning: 3 to 20
Diagnostics time 0.17 secs 

Total number of iterations 3749 - required further 155 

Chain # 31 - chunk 3 (chain 1 of 5 for this core): increasing by 156 

Iterations: 156 
|-------------|-------------|-------------|-------------|
|-------------------------------------------------------|

Current time: 2024-10-23 21:32:08
MCMC time 41 secs 

USED COMPONENTS: 14 OF 64 

rel. MC standard error: 0.0221 to 0.0589
eff. sample size: 289 to 2040
needed thinning: 3 to 21
Diagnostics time 0.24 secs 

Total number of iterations 3905 - required further 163 

Chain # 31 - chunk 4 (chain 1 of 5 for this core): increasing by 164 

Iterations: 164 
|-------------|-------------|-------------|-------------|
|-------------------------------------------------------|

Current time: 2024-10-23 21:32:10
MCMC time 43 secs 

USED COMPONENTS: 14 OF 64 

rel. MC standard error: 0.0214 to 0.059
eff. sample size: 287 to 2190
needed thinning: 3 to 22
Diagnostics time 0.16 secs 

Total number of iterations 4069 - required further 171 

Chain # 31 - chunk 5 (chain 1 of 5 for this core): increasing by 172 

Iterations: 172 
|-------------|-------------|-------------|-------------|
|-------------------------------------------------------|

Current time: 2024-10-23 21:32:11
MCMC time 44 secs 

USED COMPONENTS: 14 OF 64 

rel. MC standard error: 0.0201 to 0.0584
eff. sample size: 293 to 2490
needed thinning: 3 to 22
Diagnostics time 0.18 secs 

Total number of iterations 4241 - required further 171 

Chain # 31 - chunk 6 (chain 1 of 5 for this core): increasing by 172 

Iterations: 172 
|-------------|-------------|-------------|-------------|
|-------------------------------------------------------|

Current time: 2024-10-23 21:32:13
MCMC time 46 secs 

USED COMPONENTS: 15 OF 64 

rel. MC standard error: 0.0198 to 0.0576
eff. sample size: 301 to 2560
needed thinning: 3 to 22
Diagnostics time 0.22 secs 

Total number of iterations 4413 - required further 171 

Chain # 31 - chunk 7 (chain 1 of 5 for this core): increasing by 172 

Iterations: 172 
|-------------|-------------|-------------|-------------|
|-------------------------------------------------------|

Current time: 2024-10-23 21:32:14
MCMC time 47 secs 

USED COMPONENTS: 14 OF 64 

rel. MC standard error: 0.0192 to 0.0565
eff. sample size: 313 to 2700
needed thinning: 3 to 22
Diagnostics time 0.18 secs 

Total number of iterations 4585 - required further 171 

Chain # 31 - chunk 8 (chain 1 of 5 for this core): increasing by 172 

Iterations: 172 
|-------------|-------------|-------------|-------------|
|-------------------------------------------------------|

Current time: 2024-10-23 21:32:16
MCMC time 49 secs 

USED COMPONENTS: 13 OF 64 

rel. MC standard error: 0.0189 to 0.0572
eff. sample size: 305 to 2800
needed thinning: 3 to 24
Diagnostics time 0.19 secs 

Total number of iterations 4757 - required further 186 

Chain # 31 - chunk 9 (chain 1 of 5 for this core): increasing by 187 

Iterations: 187 
|-------------|-------------|-------------|-------------|
|-------------------------------------------------------|

Current time: 2024-10-23 21:32:17
MCMC time 51 secs 

USED COMPONENTS: 13 OF 64 

rel. MC standard error: 0.0183 to 0.056
eff. sample size: 319 to 2980
needed thinning: 3 to 24
Diagnostics time 0.19 secs 

Total number of iterations 4944 - required further 186 

Chain # 31 - chunk 10 (chain 1 of 5 for this core): increasing by 187 

Iterations: 187 
|-------------|-------------|-------------|-------------|
|-------------------------------------------------------|

Current time: 2024-10-23 21:32:19
MCMC time 52 secs 

USED COMPONENTS: 14 OF 64 

rel. MC standard error: 0.0175 to 0.0544
eff. sample size: 338 to 3250
needed thinning: 3 to 23
Diagnostics time 0.2 secs 

Total number of iterations 5131 - required further 179 

Chain # 31 - chunk 11 (chain 1 of 5 for this core): increasing by 180 

Iterations: 180 
|-------------|-------------|-------------|-------------|
|-------------------------------------------------------|

Current time: 2024-10-23 21:32:21
MCMC time 54 secs 

USED COMPONENTS: 13 OF 64 

rel. MC standard error: 0.0175 to 0.0533
eff. sample size: 352 to 3260
needed thinning: 3 to 23
Diagnostics time 0.22 secs 

Total number of iterations 5311 - required further 179 

Chain # 31 - chunk 12 (chain 1 of 5 for this core): increasing by 180 

Iterations: 180 
|-------------|-------------|-------------|-------------|
|-------------------------------------------------------|

Current time: 2024-10-23 21:32:22
MCMC time 55 secs 

USED COMPONENTS: 15 OF 64 

rel. MC standard error: 0.018 to 0.0511
eff. sample size: 383 to 3100
needed thinning: 3 to 22
Diagnostics time 0.18 secs 

Total number of iterations 5491 - required further 171 

Chain # 31 - chunk 13 (chain 1 of 5 for this core): increasing by 172 

Iterations: 172 
|-------------|-------------|-------------|-------------|
|-------------------------------------------------------|

Current time: 2024-10-23 21:32:24
MCMC time 57 secs 

USED COMPONENTS: 14 OF 64 

rel. MC standard error: 0.0166 to 0.0508
eff. sample size: 387 to 3630
needed thinning: 3 to 22
Diagnostics time 0.21 secs 

Total number of iterations 5663 - required further 171 

Chain # 31 - chunk 14 (chain 1 of 5 for this core): increasing by 172 

Iterations: 172 
|-------------|-------------|-------------|-------------|
|-------------------------------------------------------|

Current time: 2024-10-23 21:32:25
MCMC time 58 secs 

USED COMPONENTS: 14 OF 64 

rel. MC standard error: 0.017 to 0.0505
eff. sample size: 392 to 3470
needed thinning: 3 to 23
Diagnostics time 0.18 secs 

Total number of iterations 5835 - required further 179 

Chain # 31 - chunk 15 (chain 1 of 5 for this core): increasing by 180 

Iterations: 180 
|-------------|-------------|-------------|-------------|
|-------------------------------------------------------|

Current time: 2024-10-23 21:32:27
MCMC time 1 mins 

USED COMPONENTS: 14 OF 64 

rel. MC standard error: 0.0166 to 0.0514
eff. sample size: 378 to 3650
needed thinning: 3 to 24
Diagnostics time 0.19 secs 

Total number of iterations 6015 - required further 186 

Chain # 31 - chunk 16 (chain 1 of 5 for this core): increasing by 187 

Iterations: 187 
|-------------|-------------|-------------|-------------|
|-------------------------------------------------------|

Current time: 2024-10-23 21:32:29
MCMC time 1 mins 

USED COMPONENTS: 14 OF 64 

rel. MC standard error: 0.0174 to 0.051
eff. sample size: 385 to 3290
needed thinning: 3 to 25
Diagnostics time 0.22 secs 

Total number of iterations 6202 - required further 194 

Chain # 31 - chunk 17 (chain 1 of 5 for this core): increasing by 195 

Iterations: 195 
|-------------|-------------|-------------|-------------|
|-------------------------------------------------------|

Current time: 2024-10-23 21:32:30
MCMC time 1.1 mins 

USED COMPONENTS: 14 OF 64 

rel. MC standard error: 0.0161 to 0.0504
eff. sample size: 393 to 3840
needed thinning: 3 to 25
Diagnostics time 0.2 secs 

Total number of iterations 6397 - required further 194 

Chain # 31 - chunk 18 (chain 1 of 5 for this core): increasing by 195 

Iterations: 195 
|-------------|-------------|-------------|-------------|
|-------------------------------------------------------|

Current time: 2024-10-23 21:32:32
MCMC time 1.1 mins 

USED COMPONENTS: 15 OF 64 

rel. MC standard error: 0.0161 to 0.0501
eff. sample size: 399 to 3870
needed thinning: 3 to 25
Diagnostics time 0.23 secs 

Total number of iterations 6592 - required further 194 

Chain # 31 - chunk 19 (chain 1 of 5 for this core): increasing by 195 

Iterations: 195 
|-------------|-------------|-------------|-------------|
|-------------------------------------------------------|

Current time: 2024-10-23 21:32:34
MCMC time 1.1 mins 

USED COMPONENTS: 14 OF 64 

rel. MC standard error: 0.0159 to 0.0503
eff. sample size: 396 to 3950
needed thinning: 3 to 26
Diagnostics time 0.24 secs 

Total number of iterations 6787 - required further 202 

Chain # 31 - chunk 20 (chain 1 of 5 for this core): increasing by 203 

Iterations: 203 
|-------------|-------------|-------------|-------------|
|-------------------------------------------------------|

Current time: 2024-10-23 21:32:36
MCMC time 1.2 mins 

USED COMPONENTS: 13 OF 64 

rel. MC standard error: 0.0163 to 0.0493
eff. sample size: 412 to 3760
needed thinning: 3 to 26
Diagnostics time 0.2 secs 

Total number of iterations 6990 - required further 0 

Keeping last 60 samples with thinning 26 

Current time: 2024-10-23 21:32:36
MCMC + diagnostics time 1.2 mins 

Chain # 32 (chain 2 of 5 for this core)

Datapoints for testing convergence:
 #1 #3 #4 #16 #18 #19 #22 #25 

Iterations: 3600 
|-------------|-------------|-------------|-------------|
|-------------------------------------------------------|

Current time: 2024-10-23 21:33:03
MCMC time 1.6 mins 

USED COMPONENTS: 15 OF 64 

rel. MC standard error: 0.0205 to 0.035
eff. sample size: 815 to 2390
needed thinning: 3 to 7
Diagnostics time 4 secs 

Total number of iterations 3600 - required further 0 

Keeping last 60 samples with thinning 7 

Current time: 2024-10-23 21:33:09
MCMC + diagnostics time 1.7 mins 

Chain # 33 (chain 3 of 5 for this core)

Datapoints for testing convergence:
 #6 #12 #17 #21 #22 #23 #24 #29 

Iterations: 3600 
|-------------|-------------|-------------|-------------|
|-------------------------------------------------------|

Current time: 2024-10-23 21:33:36
MCMC time 2.2 mins 

USED COMPONENTS: 16 OF 64 

rel. MC standard error: 0.0204 to 0.0341
eff. sample size: 860 to 2400
needed thinning: 3 to 7
Diagnostics time 4.8 secs 

Total number of iterations 3600 - required further 0 

Keeping last 60 samples with thinning 7 

Current time: 2024-10-23 21:33:44
MCMC + diagnostics time 2.3 mins 

Chain # 34 (chain 4 of 5 for this core)

Datapoints for testing convergence:
 #2 #5 #9 #13 #14 #17 #24 #29 

Iterations: 3600 
|-------------|-------------|-------------|-------------|
|-------------------------------------------------------|

Current time: 2024-10-23 21:34:12
MCMC time 2.8 mins 

USED COMPONENTS: 13 OF 64 

rel. MC standard error: 0.0204 to 0.0563
eff. sample size: 316 to 2410
needed thinning: 3 to 18
Diagnostics time 3.8 secs 

Total number of iterations 3600 - required further 140 

Chain # 34 - chunk 2 (chain 4 of 5 for this core): increasing by 141 

Iterations: 141 
|-------------|-------------|-------------|-------------|
|-------------------------------------------------------|

Current time: 2024-10-23 21:34:18
MCMC time 2.9 mins 

USED COMPONENTS: 12 OF 64 

rel. MC standard error: 0.0185 to 0.0545
eff. sample size: 337 to 2920
needed thinning: 2 to 17
Diagnostics time 0.16 secs 

Total number of iterations 3741 - required further 132 

Chain # 34 - chunk 3 (chain 4 of 5 for this core): increasing by 133 

Iterations: 133 
|-------------|-------------|-------------|-------------|
|-------------------------------------------------------|

Current time: 2024-10-23 21:34:19
MCMC time 2.9 mins 

USED COMPONENTS: 11 OF 64 

rel. MC standard error: 0.0185 to 0.0546
eff. sample size: 335 to 2910
needed thinning: 2 to 18
Diagnostics time 0.18 secs 

Total number of iterations 3874 - required further 140 

Chain # 34 - chunk 4 (chain 4 of 5 for this core): increasing by 141 

Iterations: 141 
|-------------|-------------|-------------|-------------|
|-------------------------------------------------------|

Current time: 2024-10-23 21:34:21
MCMC time 2.9 mins 

USED COMPONENTS: 11 OF 64 

rel. MC standard error: 0.019 to 0.0539
eff. sample size: 344 to 2780
needed thinning: 3 to 18
Diagnostics time 0.13 secs 

Total number of iterations 4015 - required further 140 

Chain # 34 - chunk 5 (chain 4 of 5 for this core): increasing by 141 

Iterations: 141 
|-------------|-------------|-------------|-------------|
|-------------------------------------------------------|

Current time: 2024-10-23 21:34:22
MCMC time 2.9 mins 

USED COMPONENTS: 12 OF 64 

rel. MC standard error: 0.0186 to 0.0531
eff. sample size: 355 to 2900
needed thinning: 3 to 18
Diagnostics time 0.14 secs 

Total number of iterations 4156 - required further 140 

Chain # 34 - chunk 6 (chain 4 of 5 for this core): increasing by 141 

Iterations: 141 
|-------------|-------------|-------------|-------------|
|-------------------------------------------------------|

Current time: 2024-10-23 21:34:23
MCMC time 2.9 mins 

USED COMPONENTS: 12 OF 64 

rel. MC standard error: 0.0178 to 0.0529
eff. sample size: 357 to 3170
needed thinning: 3 to 19
Diagnostics time 0.14 secs 

Total number of iterations 4297 - required further 148 

Chain # 34 - chunk 7 (chain 4 of 5 for this core): increasing by 149 

Iterations: 149 
|-------------|-------------|-------------|-------------|
|-------------------------------------------------------|

Current time: 2024-10-23 21:34:25
MCMC time 3 mins 

USED COMPONENTS: 13 OF 64 

rel. MC standard error: 0.0178 to 0.0523
eff. sample size: 366 to 3170
needed thinning: 3 to 19
Diagnostics time 0.16 secs 

Total number of iterations 4446 - required further 148 

Chain # 34 - chunk 8 (chain 4 of 5 for this core): increasing by 149 

Iterations: 149 
|-------------|-------------|-------------|-------------|
|-------------------------------------------------------|

Current time: 2024-10-23 21:34:26
MCMC time 3 mins 

USED COMPONENTS: 12 OF 64 

rel. MC standard error: 0.017 to 0.0511
eff. sample size: 383 to 3470
needed thinning: 2 to 18
Diagnostics time 0.15 secs 

Total number of iterations 4595 - required further 140 

Chain # 34 - chunk 9 (chain 4 of 5 for this core): increasing by 141 

Iterations: 141 
|-------------|-------------|-------------|-------------|
|-------------------------------------------------------|

Current time: 2024-10-23 21:34:27
MCMC time 3 mins 

USED COMPONENTS: 12 OF 64 

rel. MC standard error: 0.0168 to 0.0501
eff. sample size: 399 to 3530
needed thinning: 3 to 18
Diagnostics time 0.22 secs 

Total number of iterations 4736 - required further 140 

Chain # 34 - chunk 10 (chain 4 of 5 for this core): increasing by 141 

Iterations: 141 
|-------------|-------------|-------------|-------------|
|-------------------------------------------------------|

Current time: 2024-10-23 21:34:29
MCMC time 3 mins 

USED COMPONENTS: 13 OF 64 

rel. MC standard error: 0.0169 to 0.0498
eff. sample size: 403 to 3500
needed thinning: 3 to 19
Diagnostics time 0.14 secs 

Total number of iterations 4877 - required further 0 

Keeping last 60 samples with thinning 19 

Current time: 2024-10-23 21:34:29
MCMC + diagnostics time 3 mins 

Chain # 35 (chain 5 of 5 for this core)

Datapoints for testing convergence:
 #1 #8 #10 #16 #21 #23 #26 #27 

Iterations: 3600 
|-------------|-------------|-------------|-------------|
|-------------------------------------------------------|

Current time: 2024-10-23 21:34:49
MCMC time 3.4 mins 

USED COMPONENTS: 13 OF 64 

rel. MC standard error: 0.0177 to 0.0411
eff. sample size: 591 to 3210
needed thinning: 2 to 10
Diagnostics time 2.5 secs 

Total number of iterations 3600 - required further 0 

Keeping last 60 samples with thinning 10 

Current time: 2024-10-23 21:34:53
MCMC + diagnostics time 3.4 mins 

Current time: 2024-10-23 21:34:53
Total time 3.4 mins 
loaded inferno and set parent environment
loaded inferno and set parent environment
loaded inferno and set parent environment
loaded inferno and set parent environment
loaded inferno and set parent environment
loaded inferno and set parent environment
