Log core 3 - Current time: 2024-10-23 21:29:44
Defining model
  [Note] 'Dlatinit' is provided in 'constants' but not used in the model code and is being ignored.
Building model
Setting data and initial values
Running calculate on model
  [Note] Any error reports that follow may simply reflect missing values in model variables.
Checking model sizes and dimensions
Compiling
  [Note] This may take a minute.
  [Note] Use 'showCompilerOutput = TRUE' to see C++ compilation details.
===== Monitors =====
thin = 1: Bprob, Dmean, Dvar, W
thin2 = 1: K
===== Samplers =====
RW sampler (90)
  - Dlat[]  (90 elements)
conjugate sampler (833)
  - Dmean[]  (192 elements)
  - Drate[]  (192 elements)
  - Bprob[]  (256 elements)
  - Dvar[]  (192 elements)
  - W[1:64] 
categorical sampler (31)
  - Alpha
  - K[]  (30 elements)
===== Monitors =====
thin = 1: Bprob, Dmean, Dvar, W
thin2 = 1: K
===== Samplers =====
slice sampler (31)
  - Alpha
  - K[]  (30 elements)
RW sampler (90)
  - Dlat[]  (90 elements)
conjugate sampler (833)
  - Dmean[]  (192 elements)
  - Drate[]  (192 elements)
  - Bprob[]  (256 elements)
  - Dvar[]  (192 elements)
  - W[1:64] 
Compiling
  [Note] This may take a minute.
  [Note] Use 'showCompilerOutput = TRUE' to see C++ compilation details.

Setup time 1.7 mins 

Chain # 11 (chain 1 of 5 for this core)

Datapoints for testing convergence:
 #1 #2 #4 #7 #10 #14 #27 #30 

Iterations: 3600 
|-------------|-------------|-------------|-------------|
|-------------------------------------------------------|

Current time: 2024-10-23 21:31:54
MCMC time 27 secs 

USED COMPONENTS: 15 OF 64 

rel. MC standard error: 0.0184 to 0.0437
eff. sample size: 524 to 2960
needed thinning: 2 to 11
Diagnostics time 5 secs 

Total number of iterations 3600 - required further 0 

Keeping last 60 samples with thinning 11 

Current time: 2024-10-23 21:32:05
MCMC + diagnostics time 38 secs 

Chain # 12 (chain 2 of 5 for this core)

Datapoints for testing convergence:
 #10 #13 #14 #15 #18 #19 #20 #26 

Iterations: 3600 
|-------------|-------------|-------------|-------------|
|-------------------------------------------------------|

Current time: 2024-10-23 21:32:31
MCMC time 1.1 mins 

USED COMPONENTS: 12 OF 64 

rel. MC standard error: 0.0217 to 0.0472
eff. sample size: 449 to 2130
needed thinning: 3 to 13
Diagnostics time 3.7 secs 

Total number of iterations 3600 - required further 0 

Keeping last 60 samples with thinning 13 

Current time: 2024-10-23 21:32:37
MCMC + diagnostics time 1.2 mins 

Chain # 13 (chain 3 of 5 for this core)

Datapoints for testing convergence:
 #1 #3 #7 #12 #20 #21 #23 #29 

Iterations: 3600 
|-------------|-------------|-------------|-------------|
|-------------------------------------------------------|

Current time: 2024-10-23 21:33:04
MCMC time 1.6 mins 

USED COMPONENTS: 13 OF 64 

rel. MC standard error: 0.0192 to 0.0555
eff. sample size: 325 to 2710
needed thinning: 2 to 17
Diagnostics time 4.3 secs 

Total number of iterations 3600 - required further 132 

Chain # 13 - chunk 2 (chain 3 of 5 for this core): increasing by 133 

Iterations: 133 
|-------------|-------------|-------------|-------------|
|-------------------------------------------------------|

Current time: 2024-10-23 21:33:11
MCMC time 1.7 mins 

USED COMPONENTS: 12 OF 64 

rel. MC standard error: 0.0164 to 0.0557
eff. sample size: 323 to 3730
needed thinning: 2 to 18
Diagnostics time 0.17 secs 

Total number of iterations 3733 - required further 140 

Chain # 13 - chunk 3 (chain 3 of 5 for this core): increasing by 141 

Iterations: 141 
|-------------|-------------|-------------|-------------|
|-------------------------------------------------------|

Current time: 2024-10-23 21:33:12
MCMC time 1.8 mins 

USED COMPONENTS: 13 OF 64 

rel. MC standard error: 0.0165 to 0.0537
eff. sample size: 347 to 3680
needed thinning: 2 to 17
Diagnostics time 0.15 secs 

Total number of iterations 3874 - required further 132 

Chain # 13 - chunk 4 (chain 3 of 5 for this core): increasing by 133 

Iterations: 133 
|-------------|-------------|-------------|-------------|
|-------------------------------------------------------|

Current time: 2024-10-23 21:33:14
MCMC time 1.8 mins 

USED COMPONENTS: 13 OF 64 

rel. MC standard error: 0.017 to 0.0506
eff. sample size: 391 to 3460
needed thinning: 2 to 16
Diagnostics time 0.22 secs 

Total number of iterations 4007 - required further 124 

Chain # 13 - chunk 5 (chain 3 of 5 for this core): increasing by 125 

Iterations: 125 
|-------------|-------------|-------------|-------------|
|-------------------------------------------------------|

Current time: 2024-10-23 21:33:15
MCMC time 1.8 mins 

USED COMPONENTS: 13 OF 64 

rel. MC standard error: 0.0172 to 0.0526
eff. sample size: 362 to 3380
needed thinning: 2 to 18
Diagnostics time 0.13 secs 

Total number of iterations 4132 - required further 140 

Chain # 13 - chunk 6 (chain 3 of 5 for this core): increasing by 141 

Iterations: 141 
|-------------|-------------|-------------|-------------|
|-------------------------------------------------------|

Current time: 2024-10-23 21:33:16
MCMC time 1.8 mins 

USED COMPONENTS: 13 OF 64 

rel. MC standard error: 0.0162 to 0.0524
eff. sample size: 364 to 3800
needed thinning: 2 to 18
Diagnostics time 0.15 secs 

Total number of iterations 4273 - required further 140 

Chain # 13 - chunk 7 (chain 3 of 5 for this core): increasing by 141 

Iterations: 141 
|-------------|-------------|-------------|-------------|
|-------------------------------------------------------|

Current time: 2024-10-23 21:33:17
MCMC time 1.8 mins 

USED COMPONENTS: 12 OF 64 

rel. MC standard error: 0.0166 to 0.0524
eff. sample size: 365 to 3610
needed thinning: 2 to 19
Diagnostics time 0.2 secs 

Total number of iterations 4414 - required further 148 

Chain # 13 - chunk 8 (chain 3 of 5 for this core): increasing by 149 

Iterations: 149 
|-------------|-------------|-------------|-------------|
|-------------------------------------------------------|

Current time: 2024-10-23 21:33:19
MCMC time 1.9 mins 

USED COMPONENTS: 12 OF 64 

rel. MC standard error: 0.0153 to 0.0519
eff. sample size: 371 to 4280
needed thinning: 2 to 19
Diagnostics time 0.21 secs 

Total number of iterations 4563 - required further 148 

Chain # 13 - chunk 9 (chain 3 of 5 for this core): increasing by 149 

Iterations: 149 
|-------------|-------------|-------------|-------------|
|-------------------------------------------------------|

Current time: 2024-10-23 21:33:20
MCMC time 1.9 mins 

USED COMPONENTS: 12 OF 64 

rel. MC standard error: 0.0162 to 0.0522
eff. sample size: 367 to 3800
needed thinning: 2 to 20
Diagnostics time 0.2 secs 

Total number of iterations 4712 - required further 155 

Chain # 13 - chunk 10 (chain 3 of 5 for this core): increasing by 156 

Iterations: 156 
|-------------|-------------|-------------|-------------|
|-------------------------------------------------------|

Current time: 2024-10-23 21:33:21
MCMC time 1.9 mins 

USED COMPONENTS: 15 OF 64 

rel. MC standard error: 0.0161 to 0.049
eff. sample size: 416 to 3850
needed thinning: 2 to 18
Diagnostics time 0.93 secs 

Total number of iterations 4868 - required further 0 

Keeping last 60 samples with thinning 18 

Current time: 2024-10-23 21:33:23
MCMC + diagnostics time 1.9 mins 

Chain # 14 (chain 4 of 5 for this core)

Datapoints for testing convergence:
 #2 #9 #11 #17 #19 #25 #26 #29 

Iterations: 3600 
|-------------|-------------|-------------|-------------|
|-------------------------------------------------------|

Current time: 2024-10-23 21:33:51
MCMC time 2.4 mins 

USED COMPONENTS: 16 OF 64 

rel. MC standard error: 0.02 to 0.058
eff. sample size: 297 to 2500
needed thinning: 3 to 19
Diagnostics time 3.9 secs 

Total number of iterations 3600 - required further 148 

Chain # 14 - chunk 2 (chain 4 of 5 for this core): increasing by 149 

Iterations: 149 
|-------------|-------------|-------------|-------------|
|-------------------------------------------------------|

Current time: 2024-10-23 21:33:57
MCMC time 2.5 mins 

USED COMPONENTS: 16 OF 64 

rel. MC standard error: 0.0186 to 0.057
eff. sample size: 308 to 2880
needed thinning: 2 to 19
Diagnostics time 0.23 secs 

Total number of iterations 3749 - required further 148 

Chain # 14 - chunk 3 (chain 4 of 5 for this core): increasing by 149 

Iterations: 149 
|-------------|-------------|-------------|-------------|
|-------------------------------------------------------|

Current time: 2024-10-23 21:33:59
MCMC time 2.5 mins 

USED COMPONENTS: 17 OF 64 

rel. MC standard error: 0.0168 to 0.055
eff. sample size: 331 to 3560
needed thinning: 2 to 18
Diagnostics time 0.16 secs 

Total number of iterations 3898 - required further 140 

Chain # 14 - chunk 4 (chain 4 of 5 for this core): increasing by 141 

Iterations: 141 
|-------------|-------------|-------------|-------------|
|-------------------------------------------------------|

Current time: 2024-10-23 21:34:00
MCMC time 2.6 mins 

USED COMPONENTS: 16 OF 64 

rel. MC standard error: 0.0185 to 0.0556
eff. sample size: 324 to 2910
needed thinning: 3 to 19
Diagnostics time 0.2 secs 

Total number of iterations 4039 - required further 148 

Chain # 14 - chunk 5 (chain 4 of 5 for this core): increasing by 149 

Iterations: 149 
|-------------|-------------|-------------|-------------|
|-------------------------------------------------------|

Current time: 2024-10-23 21:34:01
MCMC time 2.6 mins 

USED COMPONENTS: 15 OF 64 

rel. MC standard error: 0.0195 to 0.0573
eff. sample size: 305 to 2640
needed thinning: 3 to 21
Diagnostics time 0.16 secs 

Total number of iterations 4188 - required further 163 

Chain # 14 - chunk 6 (chain 4 of 5 for this core): increasing by 164 

Iterations: 164 
|-------------|-------------|-------------|-------------|
|-------------------------------------------------------|

Current time: 2024-10-23 21:34:03
MCMC time 2.6 mins 

USED COMPONENTS: 15 OF 64 

rel. MC standard error: 0.0183 to 0.0505
eff. sample size: 393 to 3000
needed thinning: 3 to 17
Diagnostics time 0.25 secs 

Total number of iterations 4352 - required further 132 

Chain # 14 - chunk 7 (chain 4 of 5 for this core): increasing by 133 

Iterations: 133 
|-------------|-------------|-------------|-------------|
|-------------------------------------------------------|

Current time: 2024-10-23 21:34:04
MCMC time 2.6 mins 

USED COMPONENTS: 16 OF 64 

rel. MC standard error: 0.0168 to 0.0554
eff. sample size: 326 to 3530
needed thinning: 2 to 21
Diagnostics time 0.25 secs 

Total number of iterations 4485 - required further 163 

Chain # 14 - chunk 8 (chain 4 of 5 for this core): increasing by 164 

Iterations: 164 
|-------------|-------------|-------------|-------------|
|-------------------------------------------------------|

Current time: 2024-10-23 21:34:06
MCMC time 2.7 mins 

USED COMPONENTS: 14 OF 64 

rel. MC standard error: 0.0156 to 0.0505
eff. sample size: 391 to 4110
needed thinning: 2 to 18
Diagnostics time 0.16 secs 

Total number of iterations 4649 - required further 140 

Chain # 14 - chunk 9 (chain 4 of 5 for this core): increasing by 141 

Iterations: 141 
|-------------|-------------|-------------|-------------|
|-------------------------------------------------------|

Current time: 2024-10-23 21:34:07
MCMC time 2.7 mins 

USED COMPONENTS: 14 OF 64 

rel. MC standard error: 0.0164 to 0.0555
eff. sample size: 325 to 3730
needed thinning: 2 to 23
Diagnostics time 0.18 secs 

Total number of iterations 4790 - required further 179 

Chain # 14 - chunk 10 (chain 4 of 5 for this core): increasing by 180 

Iterations: 180 
|-------------|-------------|-------------|-------------|
|-------------------------------------------------------|

Current time: 2024-10-23 21:34:09
MCMC time 2.7 mins 

USED COMPONENTS: 15 OF 64 

rel. MC standard error: 0.0152 to 0.053
eff. sample size: 357 to 4330
needed thinning: 2 to 21
Diagnostics time 0.2 secs 

Total number of iterations 4970 - required further 163 

Chain # 14 - chunk 11 (chain 4 of 5 for this core): increasing by 164 

Iterations: 164 
|-------------|-------------|-------------|-------------|
|-------------------------------------------------------|

Current time: 2024-10-23 21:34:10
MCMC time 2.7 mins 

USED COMPONENTS: 14 OF 64 

rel. MC standard error: 0.0157 to 0.052
eff. sample size: 370 to 4040
needed thinning: 2 to 21
Diagnostics time 0.16 secs 

Total number of iterations 5134 - required further 163 

Chain # 14 - chunk 12 (chain 4 of 5 for this core): increasing by 164 

Iterations: 164 
|-------------|-------------|-------------|-------------|
|-------------------------------------------------------|

Current time: 2024-10-23 21:34:12
MCMC time 2.7 mins 

USED COMPONENTS: 14 OF 64 

rel. MC standard error: 0.0167 to 0.0503
eff. sample size: 395 to 3600
needed thinning: 3 to 21
Diagnostics time 0.22 secs 

Total number of iterations 5298 - required further 163 

Chain # 14 - chunk 13 (chain 4 of 5 for this core): increasing by 164 

Iterations: 164 
|-------------|-------------|-------------|-------------|
|-------------------------------------------------------|

Current time: 2024-10-23 21:34:13
MCMC time 2.8 mins 

USED COMPONENTS: 15 OF 64 

rel. MC standard error: 0.0158 to 0.0517
eff. sample size: 374 to 4030
needed thinning: 3 to 22
Diagnostics time 0.18 secs 

Total number of iterations 5462 - required further 171 

Chain # 14 - chunk 14 (chain 4 of 5 for this core): increasing by 172 

Iterations: 172 
|-------------|-------------|-------------|-------------|
|-------------------------------------------------------|

Current time: 2024-10-23 21:34:15
MCMC time 2.8 mins 

USED COMPONENTS: 15 OF 64 

rel. MC standard error: 0.0155 to 0.052
eff. sample size: 370 to 4170
needed thinning: 3 to 23
Diagnostics time 0.29 secs 

Total number of iterations 5634 - required further 179 

Chain # 14 - chunk 15 (chain 4 of 5 for this core): increasing by 180 

Iterations: 180 
|-------------|-------------|-------------|-------------|
|-------------------------------------------------------|

Current time: 2024-10-23 21:34:16
MCMC time 2.8 mins 

USED COMPONENTS: 16 OF 64 

rel. MC standard error: 0.0145 to 0.0502
eff. sample size: 398 to 4780
needed thinning: 2 to 22
Diagnostics time 0.19 secs 

Total number of iterations 5814 - required further 171 

Chain # 14 - chunk 16 (chain 4 of 5 for this core): increasing by 172 

Iterations: 172 
|-------------|-------------|-------------|-------------|
|-------------------------------------------------------|

Current time: 2024-10-23 21:34:18
MCMC time 2.9 mins 

USED COMPONENTS: 15 OF 64 

rel. MC standard error: 0.0145 to 0.0503
eff. sample size: 395 to 4740
needed thinning: 2 to 23
Diagnostics time 0.17 secs 

Total number of iterations 5986 - required further 179 

Chain # 14 - chunk 17 (chain 4 of 5 for this core): increasing by 180 

Iterations: 180 
|-------------|-------------|-------------|-------------|
|-------------------------------------------------------|

Current time: 2024-10-23 21:34:20
MCMC time 2.9 mins 

USED COMPONENTS: 15 OF 64 

rel. MC standard error: 0.014 to 0.0516
eff. sample size: 376 to 5110
needed thinning: 2 to 25
Diagnostics time 0.23 secs 

Total number of iterations 6166 - required further 194 

Chain # 14 - chunk 18 (chain 4 of 5 for this core): increasing by 195 

Iterations: 195 
|-------------|-------------|-------------|-------------|
|-------------------------------------------------------|

Current time: 2024-10-23 21:34:21
MCMC time 2.9 mins 

USED COMPONENTS: 16 OF 64 

rel. MC standard error: 0.0138 to 0.0466
eff. sample size: 461 to 5240
needed thinning: 2 to 21
Diagnostics time 0.25 secs 

Total number of iterations 6361 - required further 0 

Keeping last 60 samples with thinning 21 

Current time: 2024-10-23 21:34:22
MCMC + diagnostics time 2.9 mins 

Chain # 15 (chain 5 of 5 for this core)

Datapoints for testing convergence:
 #4 #9 #16 #18 #24 #25 #27 #30 

Iterations: 3600 
|-------------|-------------|-------------|-------------|
|-------------------------------------------------------|

Current time: 2024-10-23 21:34:45
MCMC time 3.3 mins 

USED COMPONENTS: 14 OF 64 

rel. MC standard error: 0.0227 to 0.037
eff. sample size: 729 to 1940
needed thinning: 3 to 8
Diagnostics time 2.2 secs 

Total number of iterations 3600 - required further 0 

Keeping last 60 samples with thinning 8 

Current time: 2024-10-23 21:34:49
MCMC + diagnostics time 3.4 mins 

Current time: 2024-10-23 21:34:49
Total time 3.4 mins 
loaded inferno and set parent environment
loaded inferno and set parent environment
loaded inferno and set parent environment
loaded inferno and set parent environment
loaded inferno and set parent environment
loaded inferno and set parent environment
