Log core 12 - Current time: 2024-10-23 21:29:44
Defining model
  [Note] 'Dlatinit' is provided in 'constants' but not used in the model code and is being ignored.
Building model
Setting data and initial values
Running calculate on model
  [Note] Any error reports that follow may simply reflect missing values in model variables.
Checking model sizes and dimensions
Compiling
  [Note] This may take a minute.
  [Note] Use 'showCompilerOutput = TRUE' to see C++ compilation details.
===== Monitors =====
thin = 1: Bprob, Dmean, Dvar, W
thin2 = 1: K
===== Samplers =====
RW sampler (90)
  - Dlat[]  (90 elements)
conjugate sampler (833)
  - Dmean[]  (192 elements)
  - Drate[]  (192 elements)
  - Bprob[]  (256 elements)
  - Dvar[]  (192 elements)
  - W[1:64] 
categorical sampler (31)
  - Alpha
  - K[]  (30 elements)
===== Monitors =====
thin = 1: Bprob, Dmean, Dvar, W
thin2 = 1: K
===== Samplers =====
slice sampler (31)
  - Alpha
  - K[]  (30 elements)
RW sampler (90)
  - Dlat[]  (90 elements)
conjugate sampler (833)
  - Dmean[]  (192 elements)
  - Drate[]  (192 elements)
  - Bprob[]  (256 elements)
  - Dvar[]  (192 elements)
  - W[1:64] 
Compiling
  [Note] This may take a minute.
  [Note] Use 'showCompilerOutput = TRUE' to see C++ compilation details.

Setup time 1.7 mins 

Chain # 56 (chain 1 of 5 for this core)

Datapoints for testing convergence:
 #3 #6 #10 #11 #13 #19 #22 #30 

Iterations: 3600 
|-------------|-------------|-------------|-------------|
|-------------------------------------------------------|

Current time: 2024-10-23 21:31:56
MCMC time 28 secs 

USED COMPONENTS: 16 OF 64 

rel. MC standard error: 0.0203 to 0.0376
eff. sample size: 706 to 2430
needed thinning: 3 to 8
Diagnostics time 5.1 secs 

Total number of iterations 3600 - required further 0 

Keeping last 60 samples with thinning 8 

Current time: 2024-10-23 21:32:07
MCMC + diagnostics time 39 secs 

Chain # 57 (chain 2 of 5 for this core)

Datapoints for testing convergence:
 #3 #4 #9 #12 #18 #23 #29 #30 

Iterations: 3600 
|-------------|-------------|-------------|-------------|
|-------------------------------------------------------|

Current time: 2024-10-23 21:32:34
MCMC time 1.1 mins 

USED COMPONENTS: 14 OF 64 

rel. MC standard error: 0.017 to 0.0647
eff. sample size: 239 to 3470
needed thinning: 2 to 23
Diagnostics time 3.6 secs 

Total number of iterations 3600 - required further 179 

Chain # 57 - chunk 2 (chain 2 of 5 for this core): increasing by 180 

Iterations: 180 
|-------------|-------------|-------------|-------------|
|-------------------------------------------------------|

Current time: 2024-10-23 21:32:41
MCMC time 1.2 mins 

USED COMPONENTS: 12 OF 64 

rel. MC standard error: 0.0166 to 0.0616
eff. sample size: 263 to 3610
needed thinning: 2 to 22
Diagnostics time 0.19 secs 

Total number of iterations 3780 - required further 171 

Chain # 57 - chunk 3 (chain 2 of 5 for this core): increasing by 172 

Iterations: 172 
|-------------|-------------|-------------|-------------|
|-------------------------------------------------------|

Current time: 2024-10-23 21:32:42
MCMC time 1.2 mins 

USED COMPONENTS: 12 OF 64 

rel. MC standard error: 0.0172 to 0.0614
eff. sample size: 265 to 3360
needed thinning: 2 to 23
Diagnostics time 0.18 secs 

Total number of iterations 3952 - required further 179 

Chain # 57 - chunk 4 (chain 2 of 5 for this core): increasing by 180 

Iterations: 180 
|-------------|-------------|-------------|-------------|
|-------------------------------------------------------|

Current time: 2024-10-23 21:32:44
MCMC time 1.3 mins 

USED COMPONENTS: 13 OF 64 

rel. MC standard error: 0.0171 to 0.0603
eff. sample size: 275 to 3440
needed thinning: 2 to 23
Diagnostics time 0.25 secs 

Total number of iterations 4132 - required further 179 

Chain # 57 - chunk 5 (chain 2 of 5 for this core): increasing by 180 

Iterations: 180 
|-------------|-------------|-------------|-------------|
|-------------------------------------------------------|

Current time: 2024-10-23 21:32:45
MCMC time 1.3 mins 

USED COMPONENTS: 12 OF 64 

rel. MC standard error: 0.017 to 0.0592
eff. sample size: 285 to 3480
needed thinning: 2 to 23
Diagnostics time 0.19 secs 

Total number of iterations 4312 - required further 179 

Chain # 57 - chunk 6 (chain 2 of 5 for this core): increasing by 180 

Iterations: 180 
|-------------|-------------|-------------|-------------|
|-------------------------------------------------------|

Current time: 2024-10-23 21:32:47
MCMC time 1.3 mins 

USED COMPONENTS: 13 OF 64 

rel. MC standard error: 0.0155 to 0.0563
eff. sample size: 315 to 4190
needed thinning: 2 to 22
Diagnostics time 0.22 secs 

Total number of iterations 4492 - required further 171 

Chain # 57 - chunk 7 (chain 2 of 5 for this core): increasing by 172 

Iterations: 172 
|-------------|-------------|-------------|-------------|
|-------------------------------------------------------|

Current time: 2024-10-23 21:32:49
MCMC time 1.3 mins 

USED COMPONENTS: 14 OF 64 

rel. MC standard error: 0.0158 to 0.0564
eff. sample size: 314 to 3990
needed thinning: 2 to 23
Diagnostics time 0.18 secs 

Total number of iterations 4664 - required further 179 

Chain # 57 - chunk 8 (chain 2 of 5 for this core): increasing by 180 

Iterations: 180 
|-------------|-------------|-------------|-------------|
|-------------------------------------------------------|

Current time: 2024-10-23 21:32:50
MCMC time 1.4 mins 

USED COMPONENTS: 13 OF 64 

rel. MC standard error: 0.0167 to 0.0539
eff. sample size: 344 to 3590
needed thinning: 3 to 22
Diagnostics time 0.19 secs 

Total number of iterations 4844 - required further 171 

Chain # 57 - chunk 9 (chain 2 of 5 for this core): increasing by 172 

Iterations: 172 
|-------------|-------------|-------------|-------------|
|-------------------------------------------------------|

Current time: 2024-10-23 21:32:52
MCMC time 1.4 mins 

USED COMPONENTS: 13 OF 64 

rel. MC standard error: 0.0156 to 0.0529
eff. sample size: 358 to 4110
needed thinning: 2 to 22
Diagnostics time 0.22 secs 

Total number of iterations 5016 - required further 171 

Chain # 57 - chunk 10 (chain 2 of 5 for this core): increasing by 172 

Iterations: 172 
|-------------|-------------|-------------|-------------|
|-------------------------------------------------------|

Current time: 2024-10-23 21:32:53
MCMC time 1.4 mins 

USED COMPONENTS: 13 OF 64 

rel. MC standard error: 0.0159 to 0.0534
eff. sample size: 351 to 3940
needed thinning: 2 to 23
Diagnostics time 0.21 secs 

Total number of iterations 5188 - required further 179 

Chain # 57 - chunk 11 (chain 2 of 5 for this core): increasing by 180 

Iterations: 180 
|-------------|-------------|-------------|-------------|
|-------------------------------------------------------|

Current time: 2024-10-23 21:32:55
MCMC time 1.4 mins 

USED COMPONENTS: 14 OF 64 

rel. MC standard error: 0.015 to 0.0514
eff. sample size: 378 to 4460
needed thinning: 2 to 22
Diagnostics time 0.21 secs 

Total number of iterations 5368 - required further 171 

Chain # 57 - chunk 12 (chain 2 of 5 for this core): increasing by 172 

Iterations: 172 
|-------------|-------------|-------------|-------------|
|-------------------------------------------------------|

Current time: 2024-10-23 21:32:56
MCMC time 1.5 mins 

USED COMPONENTS: 13 OF 64 

rel. MC standard error: 0.0155 to 0.0505
eff. sample size: 392 to 4180
needed thinning: 2 to 22
Diagnostics time 0.21 secs 

Total number of iterations 5540 - required further 171 

Chain # 57 - chunk 13 (chain 2 of 5 for this core): increasing by 172 

Iterations: 172 
|-------------|-------------|-------------|-------------|
|-------------------------------------------------------|

Current time: 2024-10-23 21:32:58
MCMC time 1.5 mins 

USED COMPONENTS: 13 OF 64 

rel. MC standard error: 0.0133 to 0.0501
eff. sample size: 398 to 5680
needed thinning: 2 to 22
Diagnostics time 0.25 secs 

Total number of iterations 5712 - required further 171 

Chain # 57 - chunk 14 (chain 2 of 5 for this core): increasing by 172 

Iterations: 172 
|-------------|-------------|-------------|-------------|
|-------------------------------------------------------|

Current time: 2024-10-23 21:33:00
MCMC time 1.5 mins 

USED COMPONENTS: 12 OF 64 

rel. MC standard error: 0.0139 to 0.0497
eff. sample size: 405 to 5140
needed thinning: 2 to 22
Diagnostics time 0.19 secs 

Total number of iterations 5884 - required further 0 

Keeping last 60 samples with thinning 22 

Current time: 2024-10-23 21:33:00
MCMC + diagnostics time 1.5 mins 

Chain # 58 (chain 3 of 5 for this core)

Datapoints for testing convergence:
 #6 #8 #12 #14 #19 #23 #27 #29 

Iterations: 3600 
|-------------|-------------|-------------|-------------|
|-------------------------------------------------------|

Current time: 2024-10-23 21:33:28
MCMC time 2 mins 

USED COMPONENTS: 13 OF 64 

rel. MC standard error: 0.0163 to 0.0368
eff. sample size: 738 to 3740
needed thinning: 2 to 8
Diagnostics time 4.2 secs 

Total number of iterations 3600 - required further 0 

Keeping last 60 samples with thinning 8 

Current time: 2024-10-23 21:33:34
MCMC + diagnostics time 2.1 mins 

Chain # 59 (chain 4 of 5 for this core)

Datapoints for testing convergence:
 #3 #4 #5 #16 #19 #20 #21 #23 

Iterations: 3600 
|-------------|-------------|-------------|-------------|
|-------------------------------------------------------|

Current time: 2024-10-23 21:34:02
MCMC time 2.6 mins 

USED COMPONENTS: 14 OF 64 

rel. MC standard error: 0.0186 to 0.0497
eff. sample size: 406 to 2900
needed thinning: 2 to 14
Diagnostics time 3.8 secs 

Total number of iterations 3600 - required further 0 

Keeping last 60 samples with thinning 14 

Current time: 2024-10-23 21:34:08
MCMC + diagnostics time 2.7 mins 

Chain # 60 (chain 5 of 5 for this core)

Datapoints for testing convergence:
 #5 #12 #21 #22 #23 #25 #26 #30 

Iterations: 3600 
|-------------|-------------|-------------|-------------|
|-------------------------------------------------------|

Current time: 2024-10-23 21:34:35
MCMC time 3.1 mins 

USED COMPONENTS: 17 OF 64 

rel. MC standard error: 0.022 to 0.0312
eff. sample size: 1030 to 2070
needed thinning: 3 to 6
Diagnostics time 3.5 secs 

Total number of iterations 3600 - required further 0 

Keeping last 60 samples with thinning 6 

Current time: 2024-10-23 21:34:40
MCMC + diagnostics time 3.2 mins 

Current time: 2024-10-23 21:34:40
Total time 3.2 mins 
loaded inferno and set parent environment
loaded inferno and set parent environment
loaded inferno and set parent environment
loaded inferno and set parent environment
loaded inferno and set parent environment
loaded inferno and set parent environment
