Log core 10 - Current time: 2024-10-23 21:29:44
Defining model
  [Note] 'Dlatinit' is provided in 'constants' but not used in the model code and is being ignored.
Building model
Setting data and initial values
Running calculate on model
  [Note] Any error reports that follow may simply reflect missing values in model variables.
Checking model sizes and dimensions
Compiling
  [Note] This may take a minute.
  [Note] Use 'showCompilerOutput = TRUE' to see C++ compilation details.
===== Monitors =====
thin = 1: Bprob, Dmean, Dvar, W
thin2 = 1: K
===== Samplers =====
RW sampler (90)
  - Dlat[]  (90 elements)
conjugate sampler (833)
  - Dmean[]  (192 elements)
  - Drate[]  (192 elements)
  - Bprob[]  (256 elements)
  - Dvar[]  (192 elements)
  - W[1:64] 
categorical sampler (31)
  - Alpha
  - K[]  (30 elements)
===== Monitors =====
thin = 1: Bprob, Dmean, Dvar, W
thin2 = 1: K
===== Samplers =====
slice sampler (31)
  - Alpha
  - K[]  (30 elements)
RW sampler (90)
  - Dlat[]  (90 elements)
conjugate sampler (833)
  - Dmean[]  (192 elements)
  - Drate[]  (192 elements)
  - Bprob[]  (256 elements)
  - Dvar[]  (192 elements)
  - W[1:64] 
Compiling
  [Note] This may take a minute.
  [Note] Use 'showCompilerOutput = TRUE' to see C++ compilation details.

Setup time 1.7 mins 

Chain # 46 (chain 1 of 5 for this core)

Datapoints for testing convergence:
 #2 #6 #7 #11 #17 #18 #24 #28 

Iterations: 3600 
|-------------|-------------|-------------|-------------|
|-------------------------------------------------------|

Current time: 2024-10-23 21:31:54
MCMC time 27 secs 

USED COMPONENTS: 12 OF 64 

rel. MC standard error: 0.0242 to 0.054
eff. sample size: 343 to 1710
needed thinning: 4 to 16
Diagnostics time 4.9 secs 

Total number of iterations 3600 - required further 124 

Chain # 46 - chunk 2 (chain 1 of 5 for this core): increasing by 125 

Iterations: 125 
|-------------|-------------|-------------|-------------|
|-------------------------------------------------------|

Current time: 2024-10-23 21:32:05
MCMC time 39 secs 

USED COMPONENTS: 13 OF 64 

rel. MC standard error: 0.0211 to 0.0532
eff. sample size: 353 to 2240
needed thinning: 3 to 16
Diagnostics time 0.14 secs 

Total number of iterations 3725 - required further 124 

Chain # 46 - chunk 3 (chain 1 of 5 for this core): increasing by 125 

Iterations: 125 
|-------------|-------------|-------------|-------------|
|-------------------------------------------------------|

Current time: 2024-10-23 21:32:06
MCMC time 40 secs 

USED COMPONENTS: 12 OF 64 

rel. MC standard error: 0.0228 to 0.0533
eff. sample size: 351 to 1930
needed thinning: 3 to 17
Diagnostics time 0.16 secs 

Total number of iterations 3850 - required further 132 

Chain # 46 - chunk 4 (chain 1 of 5 for this core): increasing by 133 

Iterations: 133 
|-------------|-------------|-------------|-------------|
|-------------------------------------------------------|

Current time: 2024-10-23 21:32:07
MCMC time 41 secs 

USED COMPONENTS: 12 OF 64 

rel. MC standard error: 0.0237 to 0.0526
eff. sample size: 361 to 1770
needed thinning: 4 to 17
Diagnostics time 0.81 secs 

Total number of iterations 3983 - required further 132 

Chain # 46 - chunk 5 (chain 1 of 5 for this core): increasing by 133 

Iterations: 133 
|-------------|-------------|-------------|-------------|
|-------------------------------------------------------|

Current time: 2024-10-23 21:32:09
MCMC time 43 secs 

USED COMPONENTS: 12 OF 64 

rel. MC standard error: 0.0237 to 0.0521
eff. sample size: 368 to 1780
needed thinning: 4 to 17
Diagnostics time 0.15 secs 

Total number of iterations 4116 - required further 132 

Chain # 46 - chunk 6 (chain 1 of 5 for this core): increasing by 133 

Iterations: 133 
|-------------|-------------|-------------|-------------|
|-------------------------------------------------------|

Current time: 2024-10-23 21:32:11
MCMC time 44 secs 

USED COMPONENTS: 12 OF 64 

rel. MC standard error: 0.0225 to 0.0513
eff. sample size: 381 to 1970
needed thinning: 4 to 17
Diagnostics time 0.14 secs 

Total number of iterations 4249 - required further 132 

Chain # 46 - chunk 7 (chain 1 of 5 for this core): increasing by 133 

Iterations: 133 
|-------------|-------------|-------------|-------------|
|-------------------------------------------------------|

Current time: 2024-10-23 21:32:12
MCMC time 46 secs 

USED COMPONENTS: 13 OF 64 

rel. MC standard error: 0.021 to 0.0514
eff. sample size: 378 to 2260
needed thinning: 3 to 18
Diagnostics time 0.2 secs 

Total number of iterations 4382 - required further 140 

Chain # 46 - chunk 8 (chain 1 of 5 for this core): increasing by 141 

Iterations: 141 
|-------------|-------------|-------------|-------------|
|-------------------------------------------------------|

Current time: 2024-10-23 21:32:13
MCMC time 47 secs 

USED COMPONENTS: 13 OF 64 

rel. MC standard error: 0.0209 to 0.051
eff. sample size: 385 to 2290
needed thinning: 3 to 18
Diagnostics time 0.15 secs 

Total number of iterations 4523 - required further 140 

Chain # 46 - chunk 9 (chain 1 of 5 for this core): increasing by 141 

Iterations: 141 
|-------------|-------------|-------------|-------------|
|-------------------------------------------------------|

Current time: 2024-10-23 21:32:14
MCMC time 48 secs 

USED COMPONENTS: 13 OF 64 

rel. MC standard error: 0.021 to 0.0502
eff. sample size: 396 to 2270
needed thinning: 4 to 18
Diagnostics time 0.15 secs 

Total number of iterations 4664 - required further 140 

Chain # 46 - chunk 10 (chain 1 of 5 for this core): increasing by 141 

Iterations: 141 
|-------------|-------------|-------------|-------------|
|-------------------------------------------------------|

Current time: 2024-10-23 21:32:16
MCMC time 49 secs 

USED COMPONENTS: 13 OF 64 

rel. MC standard error: 0.0194 to 0.0497
eff. sample size: 404 to 2660
needed thinning: 3 to 18
Diagnostics time 0.16 secs 

Total number of iterations 4805 - required further 0 

Keeping last 60 samples with thinning 18 

Current time: 2024-10-23 21:32:16
MCMC + diagnostics time 50 secs 

Chain # 47 (chain 2 of 5 for this core)

Datapoints for testing convergence:
 #9 #10 #12 #16 #17 #19 #20 #29 

Iterations: 3600 
|-------------|-------------|-------------|-------------|
|-------------------------------------------------------|

Current time: 2024-10-23 21:32:43
MCMC time 1.3 mins 

USED COMPONENTS: 15 OF 64 

rel. MC standard error: 0.0224 to 0.0572
eff. sample size: 306 to 2000
needed thinning: 3 to 18
Diagnostics time 3.8 secs 

Total number of iterations 3600 - required further 140 

Chain # 47 - chunk 2 (chain 2 of 5 for this core): increasing by 141 

Iterations: 141 
|-------------|-------------|-------------|-------------|
|-------------------------------------------------------|

Current time: 2024-10-23 21:32:50
MCMC time 1.4 mins 

USED COMPONENTS: 13 OF 64 

rel. MC standard error: 0.0219 to 0.0578
eff. sample size: 299 to 2080
needed thinning: 3 to 19
Diagnostics time 0.15 secs 

Total number of iterations 3741 - required further 148 

Chain # 47 - chunk 3 (chain 2 of 5 for this core): increasing by 149 

Iterations: 149 
|-------------|-------------|-------------|-------------|
|-------------------------------------------------------|

Current time: 2024-10-23 21:32:51
MCMC time 1.4 mins 

USED COMPONENTS: 13 OF 64 

rel. MC standard error: 0.0208 to 0.0567
eff. sample size: 311 to 2310
needed thinning: 3 to 19
Diagnostics time 0.15 secs 

Total number of iterations 3890 - required further 148 

Chain # 47 - chunk 4 (chain 2 of 5 for this core): increasing by 149 

Iterations: 149 
|-------------|-------------|-------------|-------------|
|-------------------------------------------------------|

Current time: 2024-10-23 21:32:52
MCMC time 1.4 mins 

USED COMPONENTS: 14 OF 64 

rel. MC standard error: 0.0227 to 0.0566
eff. sample size: 312 to 1950
needed thinning: 4 to 20
Diagnostics time 0.16 secs 

Total number of iterations 4039 - required further 155 

Chain # 47 - chunk 5 (chain 2 of 5 for this core): increasing by 156 

Iterations: 156 
|-------------|-------------|-------------|-------------|
|-------------------------------------------------------|

Current time: 2024-10-23 21:32:54
MCMC time 1.5 mins 

USED COMPONENTS: 14 OF 64 

rel. MC standard error: 0.0211 to 0.0552
eff. sample size: 328 to 2250
needed thinning: 3 to 20
Diagnostics time 0.2 secs 

Total number of iterations 4195 - required further 155 

Chain # 47 - chunk 6 (chain 2 of 5 for this core): increasing by 156 

Iterations: 156 
|-------------|-------------|-------------|-------------|
|-------------------------------------------------------|

Current time: 2024-10-23 21:32:55
MCMC time 1.5 mins 

USED COMPONENTS: 14 OF 64 

rel. MC standard error: 0.0212 to 0.0542
eff. sample size: 340 to 2230
needed thinning: 3 to 20
Diagnostics time 0.22 secs 

Total number of iterations 4351 - required further 155 

Chain # 47 - chunk 7 (chain 2 of 5 for this core): increasing by 156 

Iterations: 156 
|-------------|-------------|-------------|-------------|
|-------------------------------------------------------|

Current time: 2024-10-23 21:32:57
MCMC time 1.5 mins 

USED COMPONENTS: 13 OF 64 

rel. MC standard error: 0.0215 to 0.0532
eff. sample size: 354 to 2160
needed thinning: 4 to 20
Diagnostics time 0.16 secs 

Total number of iterations 4507 - required further 155 

Chain # 47 - chunk 8 (chain 2 of 5 for this core): increasing by 156 

Iterations: 156 
|-------------|-------------|-------------|-------------|
|-------------------------------------------------------|

Current time: 2024-10-23 21:32:58
MCMC time 1.5 mins 

USED COMPONENTS: 14 OF 64 

rel. MC standard error: 0.021 to 0.0533
eff. sample size: 352 to 2260
needed thinning: 4 to 20
Diagnostics time 0.16 secs 

Total number of iterations 4663 - required further 155 

Chain # 47 - chunk 9 (chain 2 of 5 for this core): increasing by 156 

Iterations: 156 
|-------------|-------------|-------------|-------------|
|-------------------------------------------------------|

Current time: 2024-10-23 21:32:59
MCMC time 1.6 mins 

USED COMPONENTS: 13 OF 64 

rel. MC standard error: 0.0197 to 0.052
eff. sample size: 369 to 2580
needed thinning: 3 to 20
Diagnostics time 0.22 secs 

Total number of iterations 4819 - required further 155 

Chain # 47 - chunk 10 (chain 2 of 5 for this core): increasing by 156 

Iterations: 156 
|-------------|-------------|-------------|-------------|
|-------------------------------------------------------|

Current time: 2024-10-23 21:33:01
MCMC time 1.6 mins 

USED COMPONENTS: 14 OF 64 

rel. MC standard error: 0.0188 to 0.0512
eff. sample size: 382 to 2840
needed thinning: 3 to 20
Diagnostics time 0.24 secs 

Total number of iterations 4975 - required further 155 

Chain # 47 - chunk 11 (chain 2 of 5 for this core): increasing by 156 

Iterations: 156 
|-------------|-------------|-------------|-------------|
|-------------------------------------------------------|

Current time: 2024-10-23 21:33:02
MCMC time 1.6 mins 

USED COMPONENTS: 13 OF 64 

rel. MC standard error: 0.0182 to 0.0511
eff. sample size: 382 to 3020
needed thinning: 3 to 21
Diagnostics time 0.2 secs 

Total number of iterations 5131 - required further 163 

Chain # 47 - chunk 12 (chain 2 of 5 for this core): increasing by 164 

Iterations: 164 
|-------------|-------------|-------------|-------------|
|-------------------------------------------------------|

Current time: 2024-10-23 21:33:04
MCMC time 1.6 mins 

USED COMPONENTS: 14 OF 64 

rel. MC standard error: 0.0204 to 0.0506
eff. sample size: 391 to 2390
needed thinning: 4 to 21
Diagnostics time 0.19 secs 

Total number of iterations 5295 - required further 163 

Chain # 47 - chunk 13 (chain 2 of 5 for this core): increasing by 164 

Iterations: 164 
|-------------|-------------|-------------|-------------|
|-------------------------------------------------------|

Current time: 2024-10-23 21:33:06
MCMC time 1.7 mins 

USED COMPONENTS: 13 OF 64 

rel. MC standard error: 0.0199 to 0.0498
eff. sample size: 403 to 2520
needed thinning: 4 to 21
Diagnostics time 0.24 secs 

Total number of iterations 5459 - required further 0 

Keeping last 60 samples with thinning 21 

Current time: 2024-10-23 21:33:06
MCMC + diagnostics time 1.7 mins 

Chain # 48 (chain 3 of 5 for this core)

Datapoints for testing convergence:
 #2 #3 #5 #7 #10 #11 #18 #23 

Iterations: 3600 
|-------------|-------------|-------------|-------------|
|-------------------------------------------------------|

Current time: 2024-10-23 21:33:35
MCMC time 2.1 mins 

USED COMPONENTS: 16 OF 64 

rel. MC standard error: 0.0208 to 0.0546
eff. sample size: 336 to 2320
needed thinning: 3 to 17
Diagnostics time 4.1 secs 

Total number of iterations 3600 - required further 132 

Chain # 48 - chunk 2 (chain 3 of 5 for this core): increasing by 133 

Iterations: 133 
|-------------|-------------|-------------|-------------|
|-------------------------------------------------------|

Current time: 2024-10-23 21:33:42
MCMC time 2.3 mins 

USED COMPONENTS: 12 OF 64 

rel. MC standard error: 0.0224 to 0.0549
eff. sample size: 332 to 1990
needed thinning: 3 to 17
Diagnostics time 0.14 secs 

Total number of iterations 3733 - required further 132 

Chain # 48 - chunk 3 (chain 3 of 5 for this core): increasing by 133 

Iterations: 133 
|-------------|-------------|-------------|-------------|
|-------------------------------------------------------|

Current time: 2024-10-23 21:33:44
MCMC time 2.3 mins 

USED COMPONENTS: 12 OF 64 

rel. MC standard error: 0.0202 to 0.0548
eff. sample size: 333 to 2460
needed thinning: 3 to 18
Diagnostics time 0.24 secs 

Total number of iterations 3866 - required further 140 

Chain # 48 - chunk 4 (chain 3 of 5 for this core): increasing by 141 

Iterations: 141 
|-------------|-------------|-------------|-------------|
|-------------------------------------------------------|

Current time: 2024-10-23 21:33:45
MCMC time 2.3 mins 

USED COMPONENTS: 12 OF 64 

rel. MC standard error: 0.0215 to 0.0575
eff. sample size: 302 to 2170
needed thinning: 3 to 20
Diagnostics time 0.16 secs 

Total number of iterations 4007 - required further 155 

Chain # 48 - chunk 5 (chain 3 of 5 for this core): increasing by 156 

Iterations: 156 
|-------------|-------------|-------------|-------------|
|-------------------------------------------------------|

Current time: 2024-10-23 21:33:47
MCMC time 2.3 mins 

USED COMPONENTS: 13 OF 64 

rel. MC standard error: 0.0209 to 0.0576
eff. sample size: 301 to 2300
needed thinning: 3 to 21
Diagnostics time 0.83 secs 

Total number of iterations 4163 - required further 163 

Chain # 48 - chunk 6 (chain 3 of 5 for this core): increasing by 164 

Iterations: 164 
|-------------|-------------|-------------|-------------|
|-------------------------------------------------------|

Current time: 2024-10-23 21:33:49
MCMC time 2.4 mins 

USED COMPONENTS: 13 OF 64 

rel. MC standard error: 0.0197 to 0.0577
eff. sample size: 301 to 2590
needed thinning: 3 to 22
Diagnostics time 0.18 secs 

Total number of iterations 4327 - required further 171 

Chain # 48 - chunk 7 (chain 3 of 5 for this core): increasing by 172 

Iterations: 172 
|-------------|-------------|-------------|-------------|
|-------------------------------------------------------|

Current time: 2024-10-23 21:33:50
MCMC time 2.4 mins 

USED COMPONENTS: 13 OF 64 

rel. MC standard error: 0.019 to 0.0573
eff. sample size: 305 to 2770
needed thinning: 3 to 23
Diagnostics time 0.18 secs 

Total number of iterations 4499 - required further 179 

Chain # 48 - chunk 8 (chain 3 of 5 for this core): increasing by 180 

Iterations: 180 
|-------------|-------------|-------------|-------------|
|-------------------------------------------------------|

Current time: 2024-10-23 21:33:52
MCMC time 2.4 mins 

USED COMPONENTS: 12 OF 64 

rel. MC standard error: 0.0172 to 0.057
eff. sample size: 308 to 3400
needed thinning: 3 to 23
Diagnostics time 0.22 secs 

Total number of iterations 4679 - required further 179 

Chain # 48 - chunk 9 (chain 3 of 5 for this core): increasing by 180 

Iterations: 180 
|-------------|-------------|-------------|-------------|
|-------------------------------------------------------|

Current time: 2024-10-23 21:33:54
MCMC time 2.5 mins 

USED COMPONENTS: 11 OF 64 

rel. MC standard error: 0.0161 to 0.0553
eff. sample size: 327 to 3880
needed thinning: 2 to 23
Diagnostics time 0.16 secs 

Total number of iterations 4859 - required further 179 

Chain # 48 - chunk 10 (chain 3 of 5 for this core): increasing by 180 

Iterations: 180 
|-------------|-------------|-------------|-------------|
|-------------------------------------------------------|

Current time: 2024-10-23 21:33:55
MCMC time 2.5 mins 

USED COMPONENTS: 11 OF 64 

rel. MC standard error: 0.0159 to 0.0553
eff. sample size: 327 to 3940
needed thinning: 2 to 24
Diagnostics time 0.22 secs 

Total number of iterations 5039 - required further 186 

Chain # 48 - chunk 11 (chain 3 of 5 for this core): increasing by 187 

Iterations: 187 
|-------------|-------------|-------------|-------------|
|-------------------------------------------------------|

Current time: 2024-10-23 21:33:57
MCMC time 2.5 mins 

USED COMPONENTS: 11 OF 64 

rel. MC standard error: 0.0177 to 0.0544
eff. sample size: 338 to 3200
needed thinning: 3 to 24
Diagnostics time 0.2 secs 

Total number of iterations 5226 - required further 186 

Chain # 48 - chunk 12 (chain 3 of 5 for this core): increasing by 187 

Iterations: 187 
|-------------|-------------|-------------|-------------|
|-------------------------------------------------------|

Current time: 2024-10-23 21:33:59
MCMC time 2.5 mins 

USED COMPONENTS: 11 OF 64 

rel. MC standard error: 0.015 to 0.054
eff. sample size: 343 to 4430
needed thinning: 2 to 24
Diagnostics time 0.19 secs 

Total number of iterations 5413 - required further 186 

Chain # 48 - chunk 13 (chain 3 of 5 for this core): increasing by 187 

Iterations: 187 
|-------------|-------------|-------------|-------------|
|-------------------------------------------------------|

Current time: 2024-10-23 21:34:00
MCMC time 2.6 mins 

USED COMPONENTS: 11 OF 64 

rel. MC standard error: 0.0164 to 0.0532
eff. sample size: 353 to 3700
needed thinning: 3 to 24
Diagnostics time 0.19 secs 

Total number of iterations 5600 - required further 186 

Chain # 48 - chunk 14 (chain 3 of 5 for this core): increasing by 187 

Iterations: 187 
|-------------|-------------|-------------|-------------|
|-------------------------------------------------------|

Current time: 2024-10-23 21:34:02
MCMC time 2.6 mins 

USED COMPONENTS: 11 OF 64 

rel. MC standard error: 0.0158 to 0.0524
eff. sample size: 365 to 4000
needed thinning: 3 to 24
Diagnostics time 0.22 secs 

Total number of iterations 5787 - required further 186 

Chain # 48 - chunk 15 (chain 3 of 5 for this core): increasing by 187 

Iterations: 187 
|-------------|-------------|-------------|-------------|
|-------------------------------------------------------|

Current time: 2024-10-23 21:34:04
MCMC time 2.6 mins 

USED COMPONENTS: 11 OF 64 

rel. MC standard error: 0.0155 to 0.0527
eff. sample size: 361 to 4160
needed thinning: 3 to 25
Diagnostics time 0.22 secs 

Total number of iterations 5974 - required further 194 

Chain # 48 - chunk 16 (chain 3 of 5 for this core): increasing by 195 

Iterations: 195 
|-------------|-------------|-------------|-------------|
|-------------------------------------------------------|

Current time: 2024-10-23 21:34:05
MCMC time 2.7 mins 

USED COMPONENTS: 11 OF 64 

rel. MC standard error: 0.0137 to 0.0529
eff. sample size: 357 to 5310
needed thinning: 2 to 26
Diagnostics time 0.21 secs 

Total number of iterations 6169 - required further 202 

Chain # 48 - chunk 17 (chain 3 of 5 for this core): increasing by 203 

Iterations: 203 
|-------------|-------------|-------------|-------------|
|-------------------------------------------------------|

Current time: 2024-10-23 21:34:07
MCMC time 2.7 mins 

USED COMPONENTS: 11 OF 64 

rel. MC standard error: 0.0148 to 0.0525
eff. sample size: 362 to 4550
needed thinning: 3 to 27
Diagnostics time 0.23 secs 

Total number of iterations 6372 - required further 210 

Chain # 48 - chunk 18 (chain 3 of 5 for this core): increasing by 211 

Iterations: 211 
|-------------|-------------|-------------|-------------|
|-------------------------------------------------------|

Current time: 2024-10-23 21:34:09
MCMC time 2.7 mins 

USED COMPONENTS: 11 OF 64 

rel. MC standard error: 0.0153 to 0.0518
eff. sample size: 373 to 4290
needed thinning: 3 to 27
Diagnostics time 0.21 secs 

Total number of iterations 6583 - required further 210 

Chain # 48 - chunk 19 (chain 3 of 5 for this core): increasing by 211 

Iterations: 211 
|-------------|-------------|-------------|-------------|
|-------------------------------------------------------|

Current time: 2024-10-23 21:34:11
MCMC time 2.8 mins 

USED COMPONENTS: 11 OF 64 

rel. MC standard error: 0.0144 to 0.0521
eff. sample size: 368 to 4800
needed thinning: 3 to 28
Diagnostics time 0.28 secs 

Total number of iterations 6794 - required further 217 

Chain # 48 - chunk 20 (chain 3 of 5 for this core): increasing by 218 

Iterations: 218 
|-------------|-------------|-------------|-------------|
|-------------------------------------------------------|

Current time: 2024-10-23 21:34:13
MCMC time 2.8 mins 

USED COMPONENTS: 11 OF 64 

rel. MC standard error: 0.0129 to 0.0521
eff. sample size: 368 to 6020
needed thinning: 2 to 29
Diagnostics time 0.41 secs 

Total number of iterations 7012 - required further 225 

Chain # 48 - chunk 21 (chain 3 of 5 for this core): increasing by 226 

Iterations: 226 
|-------------|-------------|-------------|-------------|
|-------------------------------------------------------|

Current time: 2024-10-23 21:34:15
MCMC time 2.8 mins 

USED COMPONENTS: 11 OF 64 

rel. MC standard error: 0.0133 to 0.0519
eff. sample size: 371 to 5630
needed thinning: 2 to 30
Diagnostics time 0.22 secs 

Total number of iterations 7238 - required further 233 

Chain # 48 - chunk 22 (chain 3 of 5 for this core): increasing by 234 

Iterations: 234 
|-------------|-------------|-------------|-------------|
|-------------------------------------------------------|

Current time: 2024-10-23 21:34:17
MCMC time 2.9 mins 

USED COMPONENTS: 11 OF 64 

rel. MC standard error: 0.0123 to 0.0512
eff. sample size: 382 to 6580
needed thinning: 2 to 30
Diagnostics time 0.27 secs 

Total number of iterations 7472 - required further 233 

Chain # 48 - chunk 23 (chain 3 of 5 for this core): increasing by 234 

Iterations: 234 
|-------------|-------------|-------------|-------------|
|-------------------------------------------------------|

Current time: 2024-10-23 21:34:19
MCMC time 2.9 mins 

USED COMPONENTS: 11 OF 64 

rel. MC standard error: 0.0138 to 0.0507
eff. sample size: 389 to 5230
needed thinning: 3 to 30
Diagnostics time 0.24 secs 

Total number of iterations 7706 - required further 233 

Chain # 48 - chunk 24 (chain 3 of 5 for this core): increasing by 234 

Iterations: 234 
|-------------|-------------|-------------|-------------|
|-------------------------------------------------------|

Current time: 2024-10-23 21:34:22
MCMC time 2.9 mins 

USED COMPONENTS: 11 OF 64 

rel. MC standard error: 0.0118 to 0.0503
eff. sample size: 395 to 7210
needed thinning: 2 to 31
Diagnostics time 0.24 secs 

Total number of iterations 7940 - required further 241 

Chain # 48 - chunk 25 (chain 3 of 5 for this core): increasing by 242 

Iterations: 242 
|-------------|-------------|-------------|-------------|
|-------------------------------------------------------|

Current time: 2024-10-23 21:34:24
MCMC time 3 mins 

USED COMPONENTS: 11 OF 64 

rel. MC standard error: 0.0131 to 0.0502
eff. sample size: 397 to 5870
needed thinning: 3 to 31
Diagnostics time 0.23 secs 

Total number of iterations 8182 - required further 241 

Chain # 48 - chunk 26 (chain 3 of 5 for this core): increasing by 242 

Iterations: 242 
|-------------|-------------|-------------|-------------|
|-------------------------------------------------------|

Current time: 2024-10-23 21:34:26
MCMC time 3 mins 

USED COMPONENTS: 11 OF 64 

rel. MC standard error: 0.0127 to 0.0494
eff. sample size: 410 to 6240
needed thinning: 3 to 31
Diagnostics time 0.26 secs 

Total number of iterations 8424 - required further 0 

Keeping last 60 samples with thinning 31 

Current time: 2024-10-23 21:34:26
MCMC + diagnostics time 3 mins 

Chain # 49 (chain 4 of 5 for this core)

Datapoints for testing convergence:
 #2 #3 #7 #9 #11 #16 #18 #22 

Iterations: 3600 
|-------------|-------------|-------------|-------------|
|-------------------------------------------------------|

Current time: 2024-10-23 21:34:48
MCMC time 3.4 mins 

USED COMPONENTS: 15 OF 64 

rel. MC standard error: 0.0194 to 0.0418
eff. sample size: 573 to 2670
needed thinning: 3 to 10
Diagnostics time 2.5 secs 

Total number of iterations 3600 - required further 0 

Keeping last 60 samples with thinning 10 

Current time: 2024-10-23 21:34:51
MCMC + diagnostics time 3.4 mins 

Chain # 50 (chain 5 of 5 for this core)

Datapoints for testing convergence:
 #5 #11 #14 #17 #18 #20 #26 #29 

Iterations: 3600 
|-------------|-------------|-------------|-------------|
|-------------------------------------------------------|

Current time: 2024-10-23 21:35:06
MCMC time 3.7 mins 

USED COMPONENTS: 14 OF 64 

rel. MC standard error: 0.0176 to 0.0401
eff. sample size: 622 to 3230
needed thinning: 2 to 9
Diagnostics time 2.4 secs 

Total number of iterations 3600 - required further 0 

Keeping last 60 samples with thinning 9 

Current time: 2024-10-23 21:35:09
MCMC + diagnostics time 3.7 mins 

Current time: 2024-10-23 21:35:09
Total time 3.7 mins 
loaded inferno and set parent environment
loaded inferno and set parent environment
loaded inferno and set parent environment
loaded inferno and set parent environment
loaded inferno and set parent environment
loaded inferno and set parent environment
