Log core 8 - Current time: 2024-10-23 21:29:44
Defining model
  [Note] 'Dlatinit' is provided in 'constants' but not used in the model code and is being ignored.
Building model
Setting data and initial values
Running calculate on model
  [Note] Any error reports that follow may simply reflect missing values in model variables.
Checking model sizes and dimensions
Compiling
  [Note] This may take a minute.
  [Note] Use 'showCompilerOutput = TRUE' to see C++ compilation details.
===== Monitors =====
thin = 1: Bprob, Dmean, Dvar, W
thin2 = 1: K
===== Samplers =====
RW sampler (90)
  - Dlat[]  (90 elements)
conjugate sampler (833)
  - Dmean[]  (192 elements)
  - Drate[]  (192 elements)
  - Bprob[]  (256 elements)
  - Dvar[]  (192 elements)
  - W[1:64] 
categorical sampler (31)
  - Alpha
  - K[]  (30 elements)
===== Monitors =====
thin = 1: Bprob, Dmean, Dvar, W
thin2 = 1: K
===== Samplers =====
slice sampler (31)
  - Alpha
  - K[]  (30 elements)
RW sampler (90)
  - Dlat[]  (90 elements)
conjugate sampler (833)
  - Dmean[]  (192 elements)
  - Drate[]  (192 elements)
  - Bprob[]  (256 elements)
  - Dvar[]  (192 elements)
  - W[1:64] 
Compiling
  [Note] This may take a minute.
  [Note] Use 'showCompilerOutput = TRUE' to see C++ compilation details.

Setup time 1.7 mins 

Chain # 36 (chain 1 of 5 for this core)

Datapoints for testing convergence:
 #3 #4 #7 #14 #19 #22 #24 #30 

Iterations: 3600 
|-------------|-------------|-------------|-------------|
|-------------------------------------------------------|

Current time: 2024-10-23 21:31:53
MCMC time 28 secs 

USED COMPONENTS: 14 OF 64 

rel. MC standard error: 0.0234 to 0.0706
eff. sample size: 200 to 1830
needed thinning: 3 to 27
Diagnostics time 5.3 secs 

Total number of iterations 3600 - required further 210 

Chain # 36 - chunk 2 (chain 1 of 5 for this core): increasing by 211 

Iterations: 211 
|-------------|-------------|-------------|-------------|
|-------------------------------------------------------|

Current time: 2024-10-23 21:32:05
MCMC time 40 secs 

USED COMPONENTS: 12 OF 64 

rel. MC standard error: 0.0225 to 0.0667
eff. sample size: 224 to 1970
needed thinning: 3 to 26
Diagnostics time 0.22 secs 

Total number of iterations 3811 - required further 202 

Chain # 36 - chunk 3 (chain 1 of 5 for this core): increasing by 203 

Iterations: 203 
|-------------|-------------|-------------|-------------|
|-------------------------------------------------------|

Current time: 2024-10-23 21:32:07
MCMC time 42 secs 

USED COMPONENTS: 12 OF 64 

rel. MC standard error: 0.0215 to 0.0634
eff. sample size: 249 to 2160
needed thinning: 3 to 25
Diagnostics time 0.9 secs 

Total number of iterations 4014 - required further 194 

Chain # 36 - chunk 4 (chain 1 of 5 for this core): increasing by 195 

Iterations: 195 
|-------------|-------------|-------------|-------------|
|-------------------------------------------------------|

Current time: 2024-10-23 21:32:10
MCMC time 44 secs 

USED COMPONENTS: 13 OF 64 

rel. MC standard error: 0.0209 to 0.0618
eff. sample size: 262 to 2280
needed thinning: 3 to 25
Diagnostics time 0.19 secs 

Total number of iterations 4209 - required further 194 

Chain # 36 - chunk 5 (chain 1 of 5 for this core): increasing by 195 

Iterations: 195 
|-------------|-------------|-------------|-------------|
|-------------------------------------------------------|

Current time: 2024-10-23 21:32:11
MCMC time 46 secs 

USED COMPONENTS: 14 OF 64 

rel. MC standard error: 0.0189 to 0.0606
eff. sample size: 272 to 2800
needed thinning: 3 to 25
Diagnostics time 0.21 secs 

Total number of iterations 4404 - required further 194 

Chain # 36 - chunk 6 (chain 1 of 5 for this core): increasing by 195 

Iterations: 195 
|-------------|-------------|-------------|-------------|
|-------------------------------------------------------|

Current time: 2024-10-23 21:32:13
MCMC time 48 secs 

USED COMPONENTS: 14 OF 64 

rel. MC standard error: 0.0187 to 0.0602
eff. sample size: 276 to 2870
needed thinning: 3 to 26
Diagnostics time 0.21 secs 

Total number of iterations 4599 - required further 202 

Chain # 36 - chunk 7 (chain 1 of 5 for this core): increasing by 203 

Iterations: 203 
|-------------|-------------|-------------|-------------|
|-------------------------------------------------------|

Current time: 2024-10-23 21:32:15
MCMC time 50 secs 

USED COMPONENTS: 13 OF 64 

rel. MC standard error: 0.0189 to 0.0568
eff. sample size: 310 to 2810
needed thinning: 3 to 24
Diagnostics time 0.21 secs 

Total number of iterations 4802 - required further 186 

Chain # 36 - chunk 8 (chain 1 of 5 for this core): increasing by 187 

Iterations: 187 
|-------------|-------------|-------------|-------------|
|-------------------------------------------------------|

Current time: 2024-10-23 21:32:17
MCMC time 51 secs 

USED COMPONENTS: 13 OF 64 

rel. MC standard error: 0.018 to 0.0551
eff. sample size: 329 to 3070
needed thinning: 3 to 23
Diagnostics time 0.19 secs 

Total number of iterations 4989 - required further 179 

Chain # 36 - chunk 9 (chain 1 of 5 for this core): increasing by 180 

Iterations: 180 
|-------------|-------------|-------------|-------------|
|-------------------------------------------------------|

Current time: 2024-10-23 21:32:18
MCMC time 53 secs 

USED COMPONENTS: 15 OF 64 

rel. MC standard error: 0.0191 to 0.0544
eff. sample size: 338 to 2740
needed thinning: 3 to 23
Diagnostics time 0.19 secs 

Total number of iterations 5169 - required further 179 

Chain # 36 - chunk 10 (chain 1 of 5 for this core): increasing by 180 

Iterations: 180 
|-------------|-------------|-------------|-------------|
|-------------------------------------------------------|

Current time: 2024-10-23 21:32:20
MCMC time 54 secs 

USED COMPONENTS: 15 OF 64 

rel. MC standard error: 0.0185 to 0.0523
eff. sample size: 366 to 2940
needed thinning: 3 to 22
Diagnostics time 0.19 secs 

Total number of iterations 5349 - required further 171 

Chain # 36 - chunk 11 (chain 1 of 5 for this core): increasing by 172 

Iterations: 172 
|-------------|-------------|-------------|-------------|
|-------------------------------------------------------|

Current time: 2024-10-23 21:32:21
MCMC time 56 secs 

USED COMPONENTS: 14 OF 64 

rel. MC standard error: 0.0179 to 0.0521
eff. sample size: 369 to 3120
needed thinning: 3 to 23
Diagnostics time 0.21 secs 

Total number of iterations 5521 - required further 179 

Chain # 36 - chunk 12 (chain 1 of 5 for this core): increasing by 180 

Iterations: 180 
|-------------|-------------|-------------|-------------|
|-------------------------------------------------------|

Current time: 2024-10-23 21:32:23
MCMC time 58 secs 

USED COMPONENTS: 14 OF 64 

rel. MC standard error: 0.0181 to 0.0509
eff. sample size: 386 to 3060
needed thinning: 3 to 23
Diagnostics time 0.19 secs 

Total number of iterations 5701 - required further 179 

Chain # 36 - chunk 13 (chain 1 of 5 for this core): increasing by 180 

Iterations: 180 
|-------------|-------------|-------------|-------------|
|-------------------------------------------------------|

Current time: 2024-10-23 21:32:25
MCMC time 59 secs 

USED COMPONENTS: 14 OF 64 

rel. MC standard error: 0.0168 to 0.0502
eff. sample size: 397 to 3530
needed thinning: 3 to 23
Diagnostics time 0.25 secs 

Total number of iterations 5881 - required further 179 

Chain # 36 - chunk 14 (chain 1 of 5 for this core): increasing by 180 

Iterations: 180 
|-------------|-------------|-------------|-------------|
|-------------------------------------------------------|

Current time: 2024-10-23 21:32:26
MCMC time 1 mins 

USED COMPONENTS: 14 OF 64 

rel. MC standard error: 0.0172 to 0.0491
eff. sample size: 414 to 3360
needed thinning: 3 to 22
Diagnostics time 0.19 secs 

Total number of iterations 6061 - required further 0 

Keeping last 60 samples with thinning 22 

Current time: 2024-10-23 21:32:27
MCMC + diagnostics time 1 mins 

Chain # 37 (chain 2 of 5 for this core)

Datapoints for testing convergence:
 #2 #4 #7 #12 #14 #15 #25 #27 

Iterations: 3600 
|-------------|-------------|-------------|-------------|
|-------------------------------------------------------|

Current time: 2024-10-23 21:32:54
MCMC time 1.5 mins 

USED COMPONENTS: 14 OF 64 

rel. MC standard error: 0.0218 to 0.0477
eff. sample size: 439 to 2110
needed thinning: 3 to 13
Diagnostics time 4 secs 

Total number of iterations 3600 - required further 0 

Keeping last 60 samples with thinning 13 

Current time: 2024-10-23 21:33:00
MCMC + diagnostics time 1.6 mins 

Chain # 38 (chain 3 of 5 for this core)

Datapoints for testing convergence:
 #9 #11 #16 #17 #23 #25 #26 #30 

Iterations: 3600 
|-------------|-------------|-------------|-------------|
|-------------------------------------------------------|

Current time: 2024-10-23 21:33:28
MCMC time 2 mins 

USED COMPONENTS: 16 OF 64 

rel. MC standard error: 0.0189 to 0.0428
eff. sample size: 546 to 2810
needed thinning: 2 to 10
Diagnostics time 3.8 secs 

Total number of iterations 3600 - required further 0 

Keeping last 60 samples with thinning 10 

Current time: 2024-10-23 21:33:34
MCMC + diagnostics time 2.1 mins 

Chain # 39 (chain 4 of 5 for this core)

Datapoints for testing convergence:
 #2 #5 #7 #9 #19 #26 #27 #29 

Iterations: 3600 
|-------------|-------------|-------------|-------------|
|-------------------------------------------------------|

Current time: 2024-10-23 21:34:03
MCMC time 2.6 mins 

USED COMPONENTS: 16 OF 64 

rel. MC standard error: 0.0196 to 0.037
eff. sample size: 732 to 2590
needed thinning: 3 to 8
Diagnostics time 4 secs 

Total number of iterations 3600 - required further 0 

Keeping last 60 samples with thinning 8 

Current time: 2024-10-23 21:34:08
MCMC + diagnostics time 2.7 mins 

Chain # 40 (chain 5 of 5 for this core)

Datapoints for testing convergence:
 #1 #3 #5 #8 #14 #20 #26 #28 

Iterations: 3600 
|-------------|-------------|-------------|-------------|
|-------------------------------------------------------|

Current time: 2024-10-23 21:34:35
MCMC time 3.2 mins 

USED COMPONENTS: 14 OF 64 

rel. MC standard error: 0.0153 to 0.0381
eff. sample size: 690 to 4250
needed thinning: 2 to 8
Diagnostics time 2.8 secs 

Total number of iterations 3600 - required further 0 

Keeping last 60 samples with thinning 8 

Current time: 2024-10-23 21:34:39
MCMC + diagnostics time 3.2 mins 

Current time: 2024-10-23 21:34:39
Total time 3.2 mins 
loaded inferno and set parent environment
loaded inferno and set parent environment
loaded inferno and set parent environment
loaded inferno and set parent environment
loaded inferno and set parent environment
loaded inferno and set parent environment
