Log core 9 - Current time: 2024-10-23 21:29:44
Defining model
  [Note] 'Dlatinit' is provided in 'constants' but not used in the model code and is being ignored.
Building model
Setting data and initial values
Running calculate on model
  [Note] Any error reports that follow may simply reflect missing values in model variables.
Checking model sizes and dimensions
Compiling
  [Note] This may take a minute.
  [Note] Use 'showCompilerOutput = TRUE' to see C++ compilation details.
===== Monitors =====
thin = 1: Bprob, Dmean, Dvar, W
thin2 = 1: K
===== Samplers =====
RW sampler (90)
  - Dlat[]  (90 elements)
conjugate sampler (833)
  - Dmean[]  (192 elements)
  - Drate[]  (192 elements)
  - Bprob[]  (256 elements)
  - Dvar[]  (192 elements)
  - W[1:64] 
categorical sampler (31)
  - Alpha
  - K[]  (30 elements)
===== Monitors =====
thin = 1: Bprob, Dmean, Dvar, W
thin2 = 1: K
===== Samplers =====
slice sampler (31)
  - Alpha
  - K[]  (30 elements)
RW sampler (90)
  - Dlat[]  (90 elements)
conjugate sampler (833)
  - Dmean[]  (192 elements)
  - Drate[]  (192 elements)
  - Bprob[]  (256 elements)
  - Dvar[]  (192 elements)
  - W[1:64] 
Compiling
  [Note] This may take a minute.
  [Note] Use 'showCompilerOutput = TRUE' to see C++ compilation details.

Setup time 1.7 mins 

Chain # 41 (chain 1 of 5 for this core)

Datapoints for testing convergence:
 #3 #5 #11 #16 #17 #28 #29 #30 

Iterations: 3600 
|-------------|-------------|-------------|-------------|
|-------------------------------------------------------|

Current time: 2024-10-23 21:31:54
MCMC time 27 secs 

USED COMPONENTS: 14 OF 64 

rel. MC standard error: 0.0203 to 0.03
eff. sample size: 1110 to 2420
needed thinning: 3 to 5
Diagnostics time 4.6 secs 

Total number of iterations 3600 - required further 0 

Keeping last 60 samples with thinning 5 

Current time: 2024-10-23 21:32:04
MCMC + diagnostics time 38 secs 

Chain # 42 (chain 2 of 5 for this core)

Datapoints for testing convergence:
 #2 #3 #6 #10 #19 #20 #27 #29 

Iterations: 3600 
|-------------|-------------|-------------|-------------|
|-------------------------------------------------------|

Current time: 2024-10-23 21:32:31
MCMC time 1.1 mins 

USED COMPONENTS: 14 OF 64 

rel. MC standard error: 0.0196 to 0.0329
eff. sample size: 922 to 2600
needed thinning: 3 to 6
Diagnostics time 3.6 secs 

Total number of iterations 3600 - required further 0 

Keeping last 60 samples with thinning 6 

Current time: 2024-10-23 21:32:38
MCMC + diagnostics time 1.2 mins 

Chain # 43 (chain 3 of 5 for this core)

Datapoints for testing convergence:
 #1 #2 #7 #8 #11 #12 #19 #20 

Iterations: 3600 
|-------------|-------------|-------------|-------------|
|-------------------------------------------------------|

Current time: 2024-10-23 21:33:05
MCMC time 1.6 mins 

USED COMPONENTS: 18 OF 64 

rel. MC standard error: 0.0196 to 0.0414
eff. sample size: 584 to 2610
needed thinning: 3 to 10
Diagnostics time 4.2 secs 

Total number of iterations 3600 - required further 0 

Keeping last 60 samples with thinning 10 

Current time: 2024-10-23 21:33:11
MCMC + diagnostics time 1.7 mins 

Chain # 44 (chain 4 of 5 for this core)

Datapoints for testing convergence:
 #7 #10 #11 #16 #18 #23 #27 #30 

Iterations: 3600 
|-------------|-------------|-------------|-------------|
|-------------------------------------------------------|

Current time: 2024-10-23 21:33:38
MCMC time 2.2 mins 

USED COMPONENTS: 16 OF 64 

rel. MC standard error: 0.0198 to 0.0486
eff. sample size: 423 to 2550
needed thinning: 3 to 13
Diagnostics time 4.2 secs 

Total number of iterations 3600 - required further 0 

Keeping last 60 samples with thinning 13 

Current time: 2024-10-23 21:33:45
MCMC + diagnostics time 2.3 mins 

Chain # 45 (chain 5 of 5 for this core)

Datapoints for testing convergence:
 #1 #2 #3 #6 #7 #17 #27 #29 

Iterations: 3600 
|-------------|-------------|-------------|-------------|
|-------------------------------------------------------|

Current time: 2024-10-23 21:34:13
MCMC time 2.8 mins 

USED COMPONENTS: 15 OF 64 

rel. MC standard error: 0.0195 to 0.0463
eff. sample size: 466 to 2640
needed thinning: 3 to 12
Diagnostics time 3.8 secs 

Total number of iterations 3600 - required further 0 

Keeping last 60 samples with thinning 12 

Current time: 2024-10-23 21:34:19
MCMC + diagnostics time 2.9 mins 

Current time: 2024-10-23 21:34:19
Total time 2.9 mins 
loaded inferno and set parent environment
loaded inferno and set parent environment
loaded inferno and set parent environment
loaded inferno and set parent environment
loaded inferno and set parent environment
loaded inferno and set parent environment
